Filtering the log data using "processImagePath BEGINSWITH "/Users/kcisneros/Library/Developer/CoreSimulator/Devices/9275A049-9576-422C-AA06-A3E4387366D6/data/Containers/Bundle/Application/E7319C72-4987-462D-90F1-89791F29638D/pqaa_detox.app""
Timestamp               Ty Process[PID:TID]
2022-03-24 18:04:16.862 Db pqaa_detox[54112:188162] (AppleJPEG) [0x7f94190b9e00] Decoding completed without errors
2022-03-24 18:04:16.872 Db pqaa_detox[54112:188162] (AppleJPEG) [0x7f94190b9e00] Releasing session
2022-03-24 18:04:16.872 Db pqaa_detox[54112:188162] (AppleJPEG) [0x7f94198b0000] Decoding: C0 0x07800438 0x00F0354A 0x11111100 0x00000000 762473
2022-03-24 18:04:16.872 Db pqaa_detox[54112:188162] (AppleJPEG) [0x7f94198b0000] Options: 1920x1080 [FFFFFFFF,FFFFFFFF] 00025060
2022-03-24 18:04:16.920 Db pqaa_detox[54112:188162] (AppleJPEG) [0x7f94198b0000] Decoding completed without errors
2022-03-24 18:04:16.920 Db pqaa_detox[54112:188162] (AppleJPEG) [0x7f94198a9800] Created session
2022-03-24 18:04:16.920 Db pqaa_detox[54112:188162] (AppleJPEG) [0x0] Releasing session
2022-03-24 18:04:16.920 Db pqaa_detox[54112:188162] (AppleJPEG) [0x7f94198a9800] Decoding: C0 0x07D0046B 0x00003048 0x22111100 0x00000000 362959
2022-03-24 18:04:16.920 Db pqaa_detox[54112:188162] (AppleJPEG) [0x7f94198a9800] Options: 1x-1 [FFFFFFFF,FFFFFFFF] 00054060
2022-03-24 18:04:16.935 Db pqaa_detox[54112:188162] (AppleJPEG) [0x7f94198a9800] Decoding completed without errors
2022-03-24 18:04:16.942 Db pqaa_detox[54112:188162] (AppleJPEG) [0x7f94198a9800] Releasing session
2022-03-24 18:04:16.942 Db pqaa_detox[54112:188162] (AppleJPEG) [0x7f94198a9800] Created session
2022-03-24 18:04:16.943 Db pqaa_detox[54112:188162] (AppleJPEG) [0x0] Releasing session
2022-03-24 18:04:16.943 Db pqaa_detox[54112:188162] (AppleJPEG) [0x7f94198a9800] Decoding: C0 0x07D0046B 0x00003048 0x22111100 0x00000000 362959
2022-03-24 18:04:16.943 Db pqaa_detox[54112:188162] (AppleJPEG) [0x7f94198a9800] Options: 1x-1 [FFFFFFFF,FFFFFFFF] 00054060
2022-03-24 18:04:16.953 Db pqaa_detox[54112:188162] (AppleJPEG) [0x7f94198a9800] Decoding completed without errors
2022-03-24 18:04:16.981 Db pqaa_detox[54112:188162] (AppleJPEG) [0x7f94198a9800] Releasing session
2022-03-24 18:04:16.981 Db pqaa_detox[54112:188162] (AppleJPEG) [0x7f94190d5e00] Decoding: C0 0x07D0046B 0x0000304A 0x22111100 0x00000000 362959
2022-03-24 18:04:16.981 Db pqaa_detox[54112:188162] (AppleJPEG) [0x7f94190d5e00] Options: 2000x1131 [FFFFFFFF,FFFFFFFF] 00025060
2022-03-24 18:04:17.008 Db pqaa_detox[54112:188162] (AppleJPEG) [0x7f94190d5e00] Decoding completed without errors
2022-03-24 18:04:17.009 Db pqaa_detox[54112:188162] (AppleJPEG) [0x7f94190bb200] Created session
2022-03-24 18:04:17.009 Db pqaa_detox[54112:188162] (AppleJPEG) [0x0] Releasing session
2022-03-24 18:04:17.009 Db pqaa_detox[54112:188162] (AppleJPEG) [0x7f94190bb200] Decoding: C0 0x05A003C0 0x00003048 0x22111100 0x00000000 241423
2022-03-24 18:04:17.009 Db pqaa_detox[54112:188162] (AppleJPEG) [0x7f94190bb200] Options: 1x-1 [FFFFFFFF,FFFFFFFF] 00054060
2022-03-24 18:04:17.020 Db pqaa_detox[54112:188162] (AppleJPEG) [0x7f94190bb200] Decoding completed without errors
2022-03-24 18:04:17.021 Db pqaa_detox[54112:188162] (AppleJPEG) [0x7f94190bb200] Releasing session
2022-03-24 18:04:17.021 Db pqaa_detox[54112:188162] (AppleJPEG) [0x7f94198a9800] Created session
2022-03-24 18:04:17.021 Db pqaa_detox[54112:188162] (AppleJPEG) [0x0] Releasing session
2022-03-24 18:04:17.022 Db pqaa_detox[54112:188162] (AppleJPEG) [0x7f94198a9800] Decoding: C0 0x05A003C0 0x00003048 0x22111100 0x00000000 241423
2022-03-24 18:04:17.022 Db pqaa_detox[54112:188162] (AppleJPEG) [0x7f94198a9800] Options: 1x-1 [FFFFFFFF,FFFFFFFF] 00054060
2022-03-24 18:04:17.028 Db pqaa_detox[54112:188162] (AppleJPEG) [0x7f94198a9800] Decoding completed without errors
2022-03-24 18:04:17.030 Db pqaa_detox[54112:188162] (AppleJPEG) [0x7f94198a9800] Releasing session
2022-03-24 18:04:17.030 Db pqaa_detox[54112:188162] (AppleJPEG) [0x7f9418096c00] Decoding: C0 0x05A003C0 0x0000304A 0x22111100 0x00000000 241423
2022-03-24 18:04:17.030 Db pqaa_detox[54112:188162] (AppleJPEG) [0x7f9418096c00] Options: 1440x960 [FFFFFFFF,FFFFFFFF] 00025060
2022-03-24 18:04:17.047 Db pqaa_detox[54112:188162] (AppleJPEG) [0x7f9418096c00] Decoding completed without errors
2022-03-24 18:04:17.047 Db pqaa_detox[54112:188162] (AppleJPEG) [0x7f94190bb200] Created session
2022-03-24 18:04:17.048 Db pqaa_detox[54112:188162] (AppleJPEG) [0x0] Releasing session
2022-03-24 18:04:17.048 Db pqaa_detox[54112:188162] (AppleJPEG) [0x7f94190bb200] Decoding: C0 0x076C04F0 0x00003048 0x22111100 0x00000000 525681
2022-03-24 18:04:17.048 Db pqaa_detox[54112:188162] (AppleJPEG) [0x7f94190bb200] Options: 1x-1 [FFFFFFFF,FFFFFFFF] 00054060
2022-03-24 18:04:17.066 Db pqaa_detox[54112:188162] (AppleJPEG) [0x7f94190bb200] Decoding completed without errors
2022-03-24 18:04:17.074 Db pqaa_detox[54112:188162] (AppleJPEG) [0x7f94190bb200] Releasing session
2022-03-24 18:04:17.075 Db pqaa_detox[54112:188162] (AppleJPEG) [0x7f94198a9800] Created session
2022-03-24 18:04:17.075 Db pqaa_detox[54112:188162] (AppleJPEG) [0x0] Releasing session
2022-03-24 18:04:17.075 Db pqaa_detox[54112:188162] (AppleJPEG) [0x7f94198a9800] Decoding: C0 0x076C04F0 0x00003048 0x22111100 0x00000000 525681
2022-03-24 18:04:17.075 Db pqaa_detox[54112:188162] (AppleJPEG) [0x7f94198a9800] Options: 1x-1 [FFFFFFFF,FFFFFFFF] 00054060
2022-03-24 18:04:17.088 Db pqaa_detox[54112:188162] (AppleJPEG) [0x7f94198a9800] Decoding completed without errors
2022-03-24 18:04:17.099 Db pqaa_detox[54112:188162] (AppleJPEG) [0x7f94198a9800] Releasing session
2022-03-24 18:04:17.099 Db pqaa_detox[54112:188162] (AppleJPEG) [0x7f9419882a00] Decoding: C0 0x076C04F0 0x0000304A 0x22111100 0x00000000 525681
2022-03-24 18:04:17.099 Db pqaa_detox[54112:188162] (AppleJPEG) [0x7f9419882a00] Options: 1900x1264 [FFFFFFFF,FFFFFFFF] 00025060
2022-03-24 18:04:17.134 Db pqaa_detox[54112:188162] (AppleJPEG) [0x7f9419882a00] Decoding completed without errors
2022-03-24 18:04:17.134 Db pqaa_detox[54112:188162] (AppleJPEG) [0x7f94198ef200] Created session
2022-03-24 18:04:17.134 Db pqaa_detox[54112:188162] (AppleJPEG) [0x0] Releasing session
2022-03-24 18:04:17.134 Db pqaa_detox[54112:188162] (AppleJPEG) [0x7f94198ef200] Decoding: C2 0x042F022F 0x00003820 0x22111100 0x00000000 239182
2022-03-24 18:04:17.134 Db pqaa_detox[54112:188162] (AppleJPEG) [0x7f94198ef200] Options: 1x-1 [FFFFFFFF,FFFFFFFF] 00054060
2022-03-24 18:04:17.156 Db pqaa_detox[54112:188162] (AppleJPEG) [0x7f94198ef200] Decoding completed without errors
2022-03-24 18:04:17.157 Db pqaa_detox[54112:188162] (AppleJPEG) [0x7f94198ef200] Releasing session
2022-03-24 18:04:17.157 Db pqaa_detox[54112:188162] (AppleJPEG) [0x7f94190b2e00] Decoding: C2 0x042F022F 0x00003822 0x22111100 0x00000000 239182
2022-03-24 18:04:17.157 Db pqaa_detox[54112:188162] (AppleJPEG) [0x7f94190b2e00] Options: 1071x559 [FFFFFFFF,FFFFFFFF] 00025060
2022-03-24 18:04:17.182 Db pqaa_detox[54112:188162] (AppleJPEG) [0x7f94190b2e00] Decoding completed without errors
2022-03-24 18:04:17.183 Db pqaa_detox[54112:188162] (AppleJPEG) [0x7f94180b1c00] Created session
2022-03-24 18:04:17.183 Db pqaa_detox[54112:188162] (AppleJPEG) [0x0] Releasing session
2022-03-24 18:04:17.183 Db pqaa_detox[54112:188162] (AppleJPEG) [0x7f94180b1c00] Decoding: C0 0x06400420 0x00003548 0x11111100 0x00000000 281327
2022-03-24 18:04:17.183 Db pqaa_detox[54112:188162] (AppleJPEG) [0x7f94180b1c00] Options: 1x-1 [FFFFFFFF,FFFFFFFF] 00044060
2022-03-24 18:04:17.201 Db pqaa_detox[54112:188162] (AppleJPEG) [0x7f94180b1c00] Decoding completed without errors
2022-03-24 18:04:17.210 Db pqaa_detox[54112:188162] (AppleJPEG) [0x7f94180b1c00] Releasing session
2022-03-24 18:04:17.211 Db pqaa_detox[54112:188162] (AppleJPEG) [0x7f94190c4800] Created session
2022-03-24 18:04:17.211 Db pqaa_detox[54112:188162] (AppleJPEG) [0x0] Releasing session
2022-03-24 18:04:17.211 Db pqaa_detox[54112:188162] (AppleJPEG) [0x7f94190c4800] Decoding: C0 0x06400420 0x00003548 0x11111100 0x00000000 281327
2022-03-24 18:04:17.211 Db pqaa_detox[54112:188162] (AppleJPEG) [0x7f94190c4800] Options: 1x-1 [FFFFFFFF,FFFFFFFF] 00044060
2022-03-24 18:04:17.231 Db pqaa_detox[54112:188162] (AppleJPEG) [0x7f94190c4800] Decoding completed without errors
2022-03-24 18:04:17.246 Db pqaa_detox[54112:188162] (AppleJPEG) [0x7f94190c4800] Releasing session
2022-03-24 18:04:17.246 Db pqaa_detox[54112:188162] (AppleJPEG) [0x7f941989b400] Decoding: C0 0x06400420 0x0000354A 0x11111100 0x00000000 281327
2022-03-24 18:04:17.247 Db pqaa_detox[54112:188162] (AppleJPEG) [0x7f941989b400] Options: 1600x1056 [FFFFFFFF,FFFFFFFF] 00025060
2022-03-24 18:04:17.275 Db pqaa_detox[54112:188162] (AppleJPEG) [0x7f941989b400] Decoding completed without errors
2022-03-24 18:04:17.276 Db pqaa_detox[54112:188162] (AppleJPEG) [0x7f94198f3200] Created session
2022-03-24 18:04:17.277 Db pqaa_detox[54112:188162] (AppleJPEG) [0x0] Releasing session
2022-03-24 18:04:17.277 Db pqaa_detox[54112:188162] (AppleJPEG) [0x7f94198f3200] Decoding: C2 0x07D00536 0x00003840 0x22111100 0x00000000 821363
2022-03-24 18:04:17.277 Db pqaa_detox[54112:188162] (AppleJPEG) [0x7f94198f3200] Options: 1x-1 [FFFFFFFF,FFFFFFFF] 00054060
2022-03-24 18:04:17.325 Db pqaa_detox[54112:188162] (AppleJPEG) [0x7f94198f3200] Decoding completed without errors
2022-03-24 18:04:17.337 Db pqaa_detox[54112:188162] (AppleJPEG) [0x7f94198f3200] Releasing session
2022-03-24 18:04:17.338 Db pqaa_detox[54112:188162] (AppleJPEG) [0x7f94190afa00] Decoding: C2 0x07D00536 0x00003842 0x22111100 0x00000000 821363
2022-03-24 18:04:17.338 Db pqaa_detox[54112:188162] (AppleJPEG) [0x7f94190afa00] Options: 2000x1334 [FFFFFFFF,FFFFFFFF] 00025060
2022-03-24 18:04:17.397 Db pqaa_detox[54112:188162] (AppleJPEG) [0x7f94190afa00] Decoding completed without errors
2022-03-24 18:04:17.398 Db pqaa_detox[54112:188162] (AppleJPEG) [0x7f94190c3000] Created session
2022-03-24 18:04:17.399 Db pqaa_detox[54112:188162] (AppleJPEG) [0x0] Releasing session
2022-03-24 18:04:17.399 Db pqaa_detox[54112:188162] (AppleJPEG) [0x7f94190c3000] Decoding: C0 0x10610937 0x00003048 0x22111100 0x00000000 1220381
2022-03-24 18:04:17.399 Db pqaa_detox[54112:188162] (AppleJPEG) [0x7f94190c3000] Options: 1x-1 [FFFFFFFF,FFFFFFFF] 00054060
2022-03-24 18:04:17.500 Db pqaa_detox[54112:188162] (AppleJPEG) [0x7f94190c3000] Decoding completed without errors
2022-03-24 18:04:17.769 Db pqaa_detox[54112:188162] (AppleJPEG) [0x7f94190c3000] Releasing session
2022-03-24 18:04:17.769 Db pqaa_detox[54112:188162] (AppleJPEG) [0x7f94180ab800] Decoding: C0 0x10610937 0x0000304A 0x22111100 0x00000000 1220381
2022-03-24 18:04:17.769 Db pqaa_detox[54112:188162] (AppleJPEG) [0x7f94180ab800] Options: 4193x2359 [FFFFFFFF,FFFFFFFF] 0001D060
2022-03-24 18:04:17.979 Db pqaa_detox[54112:188162] (AppleJPEG) [0x7f94180ab800] Decoding completed without errors
2022-03-24 18:04:18.399 Db pqaa_detox[54112:188162] (AppleJPEG) [0x7f941809ee00] Created session
2022-03-24 18:04:18.399 Db pqaa_detox[54112:188162] (AppleJPEG) [0x0] Releasing session
2022-03-24 18:04:18.399 Db pqaa_detox[54112:188162] (AppleJPEG) [0x7f941809ee00] Decoding: C0 0x0BB807D0 0x00003048 0x11111100 0x00000000 4613600
2022-03-24 18:04:18.399 Db pqaa_detox[54112:188162] (AppleJPEG) [0x7f941809ee00] Options: 1x-1 [FFFFFFFF,FFFFFFFF] 00044060
2022-03-24 18:04:18.627 Db pqaa_detox[54112:188162] (AppleJPEG) [0x7f941809ee00] Decoding completed without errors
2022-03-24 18:04:18.694 Db pqaa_detox[54112:188162] (AppleJPEG) [0x7f941809ee00] Releasing session
2022-03-24 18:04:18.697 Db pqaa_detox[54112:188162] (AppleJPEG) [0x7f94198f8c00] Created session
2022-03-24 18:04:18.700 Db pqaa_detox[54112:188162] (AppleJPEG) [0x0] Releasing session
2022-03-24 18:04:18.700 Db pqaa_detox[54112:188162] (AppleJPEG) [0x7f94198f8c00] Decoding: C0 0x0BB807D0 0x00003048 0x11111100 0x00000000 4613600
2022-03-24 18:04:18.700 Db pqaa_detox[54112:188162] (AppleJPEG) [0x7f94198f8c00] Options: 1x-1 [FFFFFFFF,FFFFFFFF] 00044060
2022-03-24 18:04:18.853 Db pqaa_detox[54112:188162] (AppleJPEG) [0x7f94198f8c00] Decoding completed without errors
2022-03-24 18:04:18.890 Db pqaa_detox[54112:188162] (AppleJPEG) [0x7f94198f8c00] Releasing session
2022-03-24 18:04:18.891 Db pqaa_detox[54112:188162] (AppleJPEG) [0x7f94198acc00] Decoding: C0 0x0BB807D0 0x0000304A 0x11111100 0x00000000 4613600
2022-03-24 18:04:18.891 Db pqaa_detox[54112:188162] (AppleJPEG) [0x7f94198acc00] Options: 3000x2000 [FFFFFFFF,FFFFFFFF] 00025060
2022-03-24 18:04:19.034 Db pqaa_detox[54112:188162] (AppleJPEG) [0x7f94198acc00] Decoding completed without errors
2022-03-24 18:04:19.035 Db pqaa_detox[54112:188162] (AppleJPEG) [0x7f94190bee00] Created session
2022-03-24 18:04:19.035 Db pqaa_detox[54112:188162] (AppleJPEG) [0x0] Releasing session
2022-03-24 18:04:19.035 Db pqaa_detox[54112:188162] (AppleJPEG) [0x7f94190bee00] Decoding: C0 0x07C704BE 0x00003048 0x11111100 0x00000000 762389
2022-03-24 18:04:19.036 Db pqaa_detox[54112:188162] (AppleJPEG) [0x7f94190bee00] Options: 1x-1 [FFFFFFFF,FFFFFFFF] 00044060
2022-03-24 18:04:19.084 Db pqaa_detox[54112:188162] (AppleJPEG) [0x7f94190bee00] Decoding completed without errors
2022-03-24 18:04:19.123 Db pqaa_detox[54112:188162] (AppleJPEG) [0x7f94190bee00] Releasing session
2022-03-24 18:04:19.125 Db pqaa_detox[54112:188162] (AppleJPEG) [0x7f94180b1c00] Created session
2022-03-24 18:04:19.126 Db pqaa_detox[54112:188162] (AppleJPEG) [0x0] Releasing session
2022-03-24 18:04:19.129 Db pqaa_detox[54112:188162] (AppleJPEG) [0x7f94180b1c00] Decoding: C0 0x07C704BE 0x00003048 0x11111100 0x00000000 762389
2022-03-24 18:04:19.129 Db pqaa_detox[54112:188162] (AppleJPEG) [0x7f94180b1c00] Options: 1x-1 [FFFFFFFF,FFFFFFFF] 00044060
2022-03-24 18:04:19.162 Db pqaa_detox[54112:188162] (AppleJPEG) [0x7f94180b1c00] Decoding completed without errors
2022-03-24 18:04:19.195 Db pqaa_detox[54112:188162] (AppleJPEG) [0x7f94180b1c00] Releasing session
2022-03-24 18:04:19.195 Db pqaa_detox[54112:188162] (AppleJPEG) [0x7f94190a3e00] Decoding: C0 0x07C704BE 0x0000304A 0x11111100 0x00000000 762389
2022-03-24 18:04:19.196 Db pqaa_detox[54112:188162] (AppleJPEG) [0x7f94190a3e00] Options: 1991x1214 [FFFFFFFF,FFFFFFFF] 00025060
2022-03-24 18:04:19.280 Db pqaa_detox[54112:188162] (AppleJPEG) [0x7f94190a3e00] Decoding completed without errors
2022-03-24 18:04:20.187 I  pqaa_detox[54112:188162] [com.wix.Detox:WebSocket] Action received: invoke
2022-03-24 18:04:20.260 I  pqaa_detox[54112:188162] [com.wix.Detox:WebSocket] Action received: invoke
2022-03-24 18:04:20.354 I  pqaa_detox[54112:188162] [com.wix.Detox:WebSocket] Action received: invoke
2022-03-24 18:04:20.500 Db pqaa_detox[54112:188162] (AppleJPEG) [0x7f94190a3e00] Decoding: C0 0x07C704BE 0x0000304A 0x11111100 0x30260008 762389
2022-03-24 18:04:20.500 Db pqaa_detox[54112:188162] (AppleJPEG) [0x7f94190a3e00] Options: 2x-1 [00000000,07C604BE] 0001C060
2022-03-24 18:04:20.580 Db pqaa_detox[54112:188162] (AppleJPEG) [0x7f94190a3e00] Decoding completed without errors
2022-03-24 18:04:20.706 Db pqaa_detox[54112:188162] (AppleJPEG) [0x7f94198acc00] Decoding: C0 0x0BB807D0 0x0000304A 0x11111100 0x303E800C 4613600
2022-03-24 18:04:20.706 Db pqaa_detox[54112:188162] (AppleJPEG) [0x7f94198acc00] Options: 4x-1 [00000000,0BB807D0] 0001C060
2022-03-24 18:04:20.903 Db pqaa_detox[54112:188162] (AppleJPEG) [0x7f94198acc00] Decoding completed without errors
2022-03-24 18:04:21.004 Db pqaa_detox[54112:188162] (AppleJPEG) [0x7f94180ab800] Decoding: C0 0x10610937 0x0000304A 0x22111100 0x30250009 1220381
2022-03-24 18:04:21.004 Db pqaa_detox[54112:188162] (AppleJPEG) [0x7f94180ab800] Options: 4x-1 [00000000,10600934] 0001C060
2022-03-24 18:04:21.124 Db pqaa_detox[54112:188162] (AppleJPEG) [0x7f94180ab800] Decoding completed without errors
2022-03-24 18:04:21.167 Db pqaa_detox[54112:188162] (AppleJPEG) [0x7f94190afa00] Decoding: C2 0x07D00536 0x00003842 0x22111100 0x00000000 821363
2022-03-24 18:04:21.167 Db pqaa_detox[54112:188162] (AppleJPEG) [0x7f94190afa00] Options: 2x-1 [00000000,07D00536] 0001D060
2022-03-24 18:04:21.235 Db pqaa_detox[54112:188162] (AppleJPEG) [0x7f94190afa00] Decoding completed without errors
2022-03-24 18:04:21.259 Db pqaa_detox[54112:188162] (AppleJPEG) [0x7f941989b400] Decoding: C0 0x06400420 0x0000354A 0x11111100 0x30210007 281327
2022-03-24 18:04:21.259 Db pqaa_detox[54112:188162] (AppleJPEG) [0x7f941989b400] Options: 2x-1 [00000000,06400420] 0001C060
2022-03-24 18:04:21.272 Db pqaa_detox[54112:188162] (AppleJPEG) [0x7f941989b400] Decoding completed without errors
2022-03-24 18:04:21.302 Db pqaa_detox[54112:188162] (AppleJPEG) [0x7f9419882a00] Decoding: C0 0x076C04F0 0x0000304A 0x22111100 0x3013C004 525681
2022-03-24 18:04:21.302 Db pqaa_detox[54112:188162] (AppleJPEG) [0x7f9419882a00] Options: 2x-1 [00000000,076C04F0] 0001C060
2022-03-24 18:04:21.322 Db pqaa_detox[54112:188162] (AppleJPEG) [0x7f9419882a00] Decoding completed without errors
2022-03-24 18:04:21.350 Db pqaa_detox[54112:188162] (AppleJPEG) [0x7f94190d5e00] Decoding: C0 0x07D0046B 0x0000304A 0x22111100 0x3011C004 362959
2022-03-24 18:04:21.350 Db pqaa_detox[54112:188162] (AppleJPEG) [0x7f94190d5e00] Options: 2x-1 [00000000,07D0046A] 0001C060
2022-03-24 18:04:21.365 Db pqaa_detox[54112:188162] (AppleJPEG) [0x7f94190d5e00] Decoding completed without errors
2022-03-24 18:04:21.366 Db pqaa_detox[54112:188162] (AppleJPEG) [0x7f94198b0000] Decoding: C0 0x07800438 0x00F0354A 0x11111100 0x3021C008 762473
2022-03-24 18:04:21.367 Db pqaa_detox[54112:188162] (AppleJPEG) [0x7f94198b0000] Options: 2x-1 [00000000,07800438] 0001C060
2022-03-24 18:04:21.388 Db pqaa_detox[54112:188162] (AppleJPEG) [0x7f94198b0000] Decoding completed without errors
2022-03-24 18:04:21.600 I  pqaa_detox[54112:188162] [com.wix.Detox:WebSocket] Action received: invoke
2022-03-24 18:04:22.062 I  pqaa_detox[54112:188162] [com.wix.Detox:WebSocket] Action received: invoke
2022-03-24 18:04:22.072 I  pqaa_detox[54112:188162] [com.wix.Detox:WebSocket] Action received: invoke
2022-03-24 18:04:22.394 I  pqaa_detox[54112:188162] [com.wix.Detox:WebSocket] Action received: invoke
2022-03-24 18:04:22.403 Db pqaa_detox[54112:188353] [com.apple.ManagedConfiguration:ProfileConnection] Invalidating cache
2022-03-24 18:04:24.717 Db pqaa_detox[54112:188359] [com.apple.ManagedConfiguration:ProfileConnection] Invalidating cache

