detox[21520] TRACE: [DETOX_CREATE] created a Detox instance with config:
{"artifactsConfig":{"rootDir":"e2e/reports/artifacts/ios/ios.sim.debug.2022-03-23 18-12-22Z","plugins":{"log":{"enabled":true,"keepOnlyFailedTestsArtifacts":true},"screenshot":{"enabled":true,"shouldTakeAutomaticSnapshots":false,"keepOnlyFailedTestsArtifacts":false},"video":{"enabled":true,"keepOnlyFailedTestsArtifacts":true},"instruments":{"enabled":false,"keepOnlyFailedTestsArtifacts":false},"timeline":{"enabled":false},"uiHierarchy":{"enabled":false,"keepOnlyFailedTestsArtifacts":false}},"pathBuilder":{"_rootDir":"e2e/reports/artifacts/ios/ios.sim.debug.2022-03-23 18-12-22Z"}},"appsConfig":{"default":{"type":"ios.app","binaryPath":"ios/build/Build/Products/Debug-iphonesimulator/pqaa_detox.app","build":"ENVFILE=.env.testing xcodebuild -workspace ios/pqaa_detox.xcworkspace -scheme pqaa_detox -configuration Debug -sdk iphonesimulator -derivedDataPath ios/build"}},"behaviorConfig":{"init":{"reinstallApp":true,"exposeGlobals":true},"cleanup":{"shutdownDevice":false},"launchApp":"auto"},"cliConfig":{"recordLogs":"failing","recordVideos":"failing","configuration":"ios.sim.debug"},"deviceConfig":{"type":"ios.simulator","device":{"type":"iPhone 12"}},"runnerConfig":{"testRunner":"mocha","runnerConfig":"e2e/mocha.opts","specs":"e2e"},"sessionConfig":{"autoStart":true,"server":"ws://localhost:54177","sessionId":"9909dcfb-0aa4-7dc8-7346-4e535fb508e9","debugSynchronization":10000},"errorComposer":{"configurationName":"ios.sim.debug","filepath":"/Users/kcisneros/Desktop/project/pqaa_detox/.detoxrc.js","contents":{"configurations":{"ios.sim.debug":{"binaryPath":"ios/build/Build/Products/Debug-iphonesimulator/pqaa_detox.app","build":"ENVFILE=.env.testing xcodebuild -workspace ios/pqaa_detox.xcworkspace -scheme pqaa_detox -configuration Debug -sdk iphonesimulator -derivedDataPath ios/build","type":"ios.simulator","device":{"type":"iPhone 12"},"artifacts":{"rootDir":"e2e/reports/artifacts/ios"}},"android.emu.debug":{"binaryPath":"android/app/build/outputs/apk/debug/app-debug.apk","build":"cd android ENVFILE=.env.testing && ./gradlew assembleDebug assembleAndroidTest -DtestBuildType=debug && cd ..","type":"android.emulator","device":{"avdName":"Pixel_XL"},"artifacts":{"rootDir":"e2e/reports/artifacts/android"}}}},"_extends":false}}
detox[21520] DEBUG: [WSS_CREATE] Detox server listening on localhost:54177...
detox[21520] DEBUG: [WSS_CONNECTION, #54178] registered a new connection.
detox[21520] TRACE: [WS_OPEN] opened web socket to: ws://localhost:54177
detox[21520] TRACE: [WS_SEND] {"type":"login","params":{"sessionId":"9909dcfb-0aa4-7dc8-7346-4e535fb508e9","role":"tester"},"messageId":0}
detox[21520] TRACE: [WSS_GET_FROM, #54178] {"type":"login","params":{"sessionId":"9909dcfb-0aa4-7dc8-7346-4e535fb508e9","role":"tester"},"messageId":0}
detox[21520] TRACE: [SESSION_CREATED] created session 9909dcfb-0aa4-7dc8-7346-4e535fb508e9
detox[21520] TRACE: [WSS_SEND_TO, #tester] {"type":"loginSuccess","params":{"testerConnected":true,"appConnected":false},"messageId":0}
detox[21520] TRACE: [SESSION_JOINED] tester joined session 9909dcfb-0aa4-7dc8-7346-4e535fb508e9
detox[21520] TRACE: [WS_MESSAGE] {"type":"loginSuccess","params":{"testerConnected":true,"appConnected":false},"messageId":0}
 
detox[21520] DEBUG: [EXEC_CMD, #0] applesimutils --list --byType "iPhone 12"
detox[21520] TRACE: [EXEC_SUCCESS, #0] [
  {
    "os" : {
      "bundlePath" : "\/Applications\/Xcode.app\/Contents\/Developer\/Platforms\/iPhoneOS.platform\/Library\/Developer\/CoreSimulator\/Profiles\/Runtimes\/iOS.simruntime",
      "buildversion" : "18E182",
      "runtimeRoot" : "\/Applications\/Xcode.app\/Contents\/Developer\/Platforms\/iPhoneOS.platform\/Library\/Developer\/CoreSimulator\/Profiles\/Runtimes\/iOS.simruntime\/Contents\/Resources\/RuntimeRoot",
      "identifier" : "com.apple.CoreSimulator.SimRuntime.iOS-14-5",
      "version" : "14.5",
      "isAvailable" : true,
      "supportedDeviceTypes" : [
        {
          "bundlePath" : "\/Applications\/Xcode.app\/Contents\/Developer\/Platforms\/iPhoneOS.platform\/Library\/Developer\/CoreSimulator\/Profiles\/DeviceTypes\/iPhone 6s.simdevicetype",
          "name" : "iPhone 6s",
          "identifier" : "com.apple.CoreSimulator.SimDeviceType.iPhone-6s",
          "productFamily" : "iPhone"
        },
        {
          "bundlePath" : "\/Applications\/Xcode.app\/Contents\/Developer\/Platforms\/iPhoneOS.platform\/Library\/Developer\/CoreSimulator\/Profiles\/DeviceTypes\/iPhone 6s Plus.simdevicetype",
          "name" : "iPhone 6s Plus",
          "identifier" : "com.apple.CoreSimulator.SimDeviceType.iPhone-6s-Plus",
          "productFamily" : "iPhone"
        },
        {
          "bundlePath" : "\/Applications\/Xcode.app\/Contents\/Developer\/Platforms\/iPhoneOS.platform\/Library\/Developer\/CoreSimulator\/Profiles\/DeviceTypes\/iPhone SE (1st generation).simdevicetype",
          "name" : "iPhone SE (1st generation)",
          "identifier" : "com.apple.CoreSimulator.SimDeviceType.iPhone-SE",
          "productFamily" : "iPhone"
        },
        {
          "bundlePath" : "\/Applications\/Xcode.app\/Contents\/Developer\/Platforms\/iPhoneOS.platform\/Library\/Developer\/CoreSimulator\/Profiles\/DeviceTypes\/iPhone 7.simdevicetype",
          "name" : "iPhone 7",
          "identifier" : "com.apple.CoreSimulator.SimDeviceType.iPhone-7",
          "productFamily" : "iPhone"
        },
        {
          "bundlePath" : "\/Applications\/Xcode.app\/Contents\/Developer\/Platforms\/iPhoneOS.platform\/Library\/Developer\/CoreSimulator\/Profiles\/DeviceTypes\/iPhone 7 Plus.simdevicetype",
          "name" : "iPhone 7 Plus",
          "identifier" : "com.apple.CoreSimulator.SimDeviceType.iPhone-7-Plus",
          "productFamily" : "iPhone"
        },
        {
          "bundlePath" : "\/Applications\/Xcode.app\/Contents\/Developer\/Platforms\/iPhoneOS.platform\/Library\/Developer\/CoreSimulator\/Profiles\/DeviceTypes\/iPhone 8.simdevicetype",
          "name" : "iPhone 8",
          "identifier" : "com.apple.CoreSimulator.SimDeviceType.iPhone-8",
          "productFamily" : "iPhone"
        },
        {
          "bundlePath" : "\/Applications\/Xcode.app\/Contents\/Developer\/Platforms\/iPhoneOS.platform\/Library\/Developer\/CoreSimulator\/Profiles\/DeviceTypes\/iPhone 8 Plus.simdevicetype",
          "name" : "iPhone 8 Plus",
          "identifier" : "com.apple.CoreSimulator.SimDeviceType.iPhone-8-Plus",
          "productFamily" : "iPhone"
        },
        {
          "bundlePath" : "\/Applications\/Xcode.app\/Contents\/Developer\/Platforms\/iPhoneOS.platform\/Library\/Developer\/CoreSimulator\/Profiles\/DeviceTypes\/iPhone X.simdevicetype",
          "name" : "iPhone X",
          "identifier" : "com.apple.CoreSimulator.SimDeviceType.iPhone-X",
          "productFamily" : "iPhone"
        },
        {
          "bundlePath" : "\/Applications\/Xcode.app\/Contents\/Developer\/Platforms\/iPhoneOS.platform\/Library\/Developer\/CoreSimulator\/Profiles\/DeviceTypes\/iPhone Xs.simdevicetype",
          "name" : "iPhone Xs",
          "identifier" : "com.apple.CoreSimulator.SimDeviceType.iPhone-XS",
          "productFamily" : "iPhone"
        },
        {
          "bundlePath" : "\/Applications\/Xcode.app\/Contents\/Developer\/Platforms\/iPhoneOS.platform\/Library\/Developer\/CoreSimulator\/Profiles\/DeviceTypes\/iPhone Xs Max.simdevicetype",
          "name" : "iPhone Xs Max",
          "identifier" : "com.apple.CoreSimulator.SimDeviceType.iPhone-XS-Max",
          "productFamily" : "iPhone"
        },
        {
          "bundlePath" : "\/Applications\/Xcode.app\/Contents\/Developer\/Platforms\/iPhoneOS.platform\/Library\/Developer\/CoreSimulator\/Profiles\/DeviceTypes\/iPhone Xʀ.simdevicetype",
          "name" : "iPhone Xʀ",
          "identifier" : "com.apple.CoreSimulator.SimDeviceType.iPhone-XR",
          "productFamily" : "iPhone"
        },
        {
          "bundlePath" : "\/Applications\/Xcode.app\/Contents\/Developer\/Platforms\/iPhoneOS.platform\/Library\/Developer\/CoreSimulator\/Profiles\/DeviceTypes\/iPhone 11.simdevicetype",
          "name" : "iPhone 11",
          "identifier" : "com.apple.CoreSimulator.SimDeviceType.iPhone-11",
          "productFamily" : "iPhone"
        },
        {
          "bundlePath" : "\/Applications\/Xcode.app\/Contents\/Developer\/Platforms\/iPhoneOS.platform\/Library\/Developer\/CoreSimulator\/Profiles\/DeviceTypes\/iPhone 11 Pro.simdevicetype",
          "name" : "iPhone 11 Pro",
          "identifier" : "com.apple.CoreSimulator.SimDeviceType.iPhone-11-Pro",
          "productFamily" : "iPhone"
        },
        {
          "bundlePath" : "\/Applications\/Xcode.app\/Contents\/Developer\/Platforms\/iPhoneOS.platform\/Library\/Developer\/CoreSimulator\/Profiles\/DeviceTypes\/iPhone 11 Pro Max.simdevicetype",
          "name" : "iPhone 11 Pro Max",
          "identifier" : "com.apple.CoreSimulator.SimDeviceType.iPhone-11-Pro-Max",
          "productFamily" : "iPhone"
        },
        {
          "bundlePath" : "\/Applications\/Xcode.app\/Contents\/Developer\/Platforms\/iPhoneOS.platform\/Library\/Developer\/CoreSimulator\/Profiles\/DeviceTypes\/iPhone SE (2nd generation).simdevicetype",
          "name" : "iPhone SE (2nd generation)",
          "identifier" : "com.apple.CoreSimulator.SimDeviceType.iPhone-SE--2nd-generation-",
          "productFamily" : "iPhone"
        },
        {
          "bundlePath" : "\/Applications\/Xcode.app\/Contents\/Developer\/Platforms\/iPhoneOS.platform\/Library\/Developer\/CoreSimulator\/Profiles\/DeviceTypes\/iPhone 12 mini.simdevicetype",
          "name" : "iPhone 12 mini",
          "identifier" : "com.apple.CoreSimulator.SimDeviceType.iPhone-12-mini",
          "productFamily" : "iPhone"
        },
        {
          "bundlePath" : "\/Applications\/Xcode.app\/Contents\/Developer\/Platforms\/iPhoneOS.platform\/Library\/Developer\/CoreSimulator\/Profiles\/DeviceTypes\/iPhone 12.simdevicetype",
          "name" : "iPhone 12",
          "identifier" : "com.apple.CoreSimulator.SimDeviceType.iPhone-12",
          "productFamily" : "iPhone"
        },
        {
          "bundlePath" : "\/Applications\/Xcode.app\/Contents\/Developer\/Platforms\/iPhoneOS.platform\/Library\/Developer\/CoreSimulator\/Profiles\/DeviceTypes\/iPhone 12 Pro.simdevicetype",
          "name" : "iPhone 12 Pro",
          "identifier" : "com.apple.CoreSimulator.SimDeviceType.iPhone-12-Pro",
          "productFamily" : "iPhone"
        },
        {
          "bundlePath" : "\/Applications\/Xcode.app\/Contents\/Developer\/Platforms\/iPhoneOS.platform\/Library\/Developer\/CoreSimulator\/Profiles\/DeviceTypes\/iPhone 12 Pro Max.simdevicetype",
          "name" : "iPhone 12 Pro Max",
          "identifier" : "com.apple.CoreSimulator.SimDeviceType.iPhone-12-Pro-Max",
          "productFamily" : "iPhone"
        },
        {
          "bundlePath" : "\/Applications\/Xcode.app\/Contents\/Developer\/Platforms\/iPhoneOS.platform\/Library\/Developer\/CoreSimulator\/Profiles\/DeviceTypes\/iPod touch (7th generation).simdevicetype",
          "name" : "iPod touch (7th generation)",
          "identifier" : "com.apple.CoreSimulator.SimDeviceType.iPod-touch--7th-generation-",
          "productFamily" : "iPhone"
        },
        {
          "bundlePath" : "\/Applications\/Xcode.app\/Contents\/Developer\/Platforms\/iPhoneOS.platform\/Library\/Developer\/CoreSimulator\/Profiles\/DeviceTypes\/iPad mini 4.simdevicetype",
          "name" : "iPad mini 4",
          "identifier" : "com.apple.CoreSimulator.SimDeviceType.iPad-mini-4",
          "productFamily" : "iPad"
        },
        {
          "bundlePath" : "\/Applications\/Xcode.app\/Contents\/Developer\/Platforms\/iPhoneOS.platform\/Library\/Developer\/CoreSimulator\/Profiles\/DeviceTypes\/iPad Air 2.simdevicetype",
          "name" : "iPad Air 2",
          "identifier" : "com.apple.CoreSimulator.SimDeviceType.iPad-Air-2",
          "productFamily" : "iPad"
        },
        {
          "bundlePath" : "\/Applications\/Xcode.app\/Contents\/Developer\/Platforms\/iPhoneOS.platform\/Library\/Developer\/CoreSimulator\/Profiles\/DeviceTypes\/iPad Pro (9.7-inch).simdevicetype",
          "name" : "iPad Pro (9.7-inch)",
          "identifier" : "com.apple.CoreSimulator.SimDeviceType.iPad-Pro--9-7-inch-",
          "productFamily" : "iPad"
        },
        {
          "bundlePath" : "\/Applications\/Xcode.app\/Contents\/Developer\/Platforms\/iPhoneOS.platform\/Library\/Developer\/CoreSimulator\/Profiles\/DeviceTypes\/iPad Pro (12.9-inch) (1st generation).simdevicetype",
          "name" : "iPad Pro (12.9-inch) (1st generation)",
          "identifier" : "com.apple.CoreSimulator.SimDeviceType.iPad-Pro",
          "productFamily" : "iPad"
        },
        {
          "bundlePath" : "\/Applications\/Xcode.app\/Contents\/Developer\/Platforms\/iPhoneOS.platform\/Library\/Developer\/CoreSimulator\/Profiles\/DeviceTypes\/iPad (5th generation).simdevicetype",
          "name" : "iPad (5th generation)",
          "identifier" : "com.apple.CoreSimulator.SimDeviceType.iPad--5th-generation-",
          "productFamily" : "iPad"
        },
        {
          "bundlePath" : "\/Applications\/Xcode.app\/Contents\/Developer\/Platforms\/iPhoneOS.platform\/Library\/Developer\/CoreSimulator\/Profiles\/DeviceTypes\/iPad Pro (12.9-inch) (2nd generation).simdevicetype",
          "name" : "iPad Pro (12.9-inch) (2nd generation)",
          "identifier" : "com.apple.CoreSimulator.SimDeviceType.iPad-Pro--12-9-inch---2nd-generation-",
          "productFamily" : "iPad"
        },
        {
          "bundlePath" : "\/Applications\/Xcode.app\/Contents\/Developer\/Platforms\/iPhoneOS.platform\/Library\/Developer\/CoreSimulator\/Profiles\/DeviceTypes\/iPad Pro (10.5-inch).simdevicetype",
          "name" : "iPad Pro (10.5-inch)",
          "identifier" : "com.apple.CoreSimulator.SimDeviceType.iPad-Pro--10-5-inch-",
          "productFamily" : "iPad"
        },
        {
          "bundlePath" : "\/Applications\/Xcode.app\/Contents\/Developer\/Platforms\/iPhoneOS.platform\/Library\/Developer\/CoreSimulator\/Profiles\/DeviceTypes\/iPad (6th generation).simdevicetype",
          "name" : "iPad (6th generation)",
          "identifier" : "com.apple.CoreSimulator.SimDeviceType.iPad--6th-generation-",
          "productFamily" : "iPad"
        },
        {
          "bundlePath" : "\/Applications\/Xcode.app\/Contents\/Developer\/Platforms\/iPhoneOS.platform\/Library\/Developer\/CoreSimulator\/Profiles\/DeviceTypes\/iPad (7th generation).simdevicetype",
          "name" : "iPad (7th generation)",
          "identifier" : "com.apple.CoreSimulator.SimDeviceType.iPad--7th-generation-",
          "productFamily" : "iPad"
        },
        {
          "bundlePath" : "\/Applications\/Xcode.app\/Contents\/Developer\/Platforms\/iPhoneOS.platform\/Library\/Developer\/CoreSimulator\/Profiles\/DeviceTypes\/iPad Pro (11-inch) (1st generation).simdevicetype",
          "name" : "iPad Pro (11-inch) (1st generation)",
          "identifier" : "com.apple.CoreSimulator.SimDeviceType.iPad-Pro--11-inch-",
          "productFamily" : "iPad"
        },
        {
          "bundlePath" : "\/Applications\/Xcode.app\/Contents\/Developer\/Platforms\/iPhoneOS.platform\/Library\/Developer\/CoreSimulator\/Profiles\/DeviceTypes\/iPad Pro (12.9-inch) (3rd generation).simdevicetype",
          "name" : "iPad Pro (12.9-inch) (3rd generation)",
          "identifier" : "com.apple.CoreSimulator.SimDeviceType.iPad-Pro--12-9-inch---3rd-generation-",
          "productFamily" : "iPad"
        },
        {
          "bundlePath" : "\/Applications\/Xcode.app\/Contents\/Developer\/Platforms\/iPhoneOS.platform\/Library\/Developer\/CoreSimulator\/Profiles\/DeviceTypes\/iPad Pro (11-inch) (2nd generation).simdevicetype",
          "name" : "iPad Pro (11-inch) (2nd generation)",
          "identifier" : "com.apple.CoreSimulator.SimDeviceType.iPad-Pro--11-inch---2nd-generation-",
          "productFamily" : "iPad"
        },
        {
          "bundlePath" : "\/Applications\/Xcode.app\/Contents\/Developer\/Platforms\/iPhoneOS.platform\/Library\/Developer\/CoreSimulator\/Profiles\/DeviceTypes\/iPad Pro (12.9-inch) (4th generation).simdevicetype",
          "name" : "iPad Pro (12.9-inch) (4th generation)",
          "identifier" : "com.apple.CoreSimulator.SimDeviceType.iPad-Pro--12-9-inch---4th-generation-",
          "productFamily" : "iPad"
        },
        {
          "bundlePath" : "\/Applications\/Xcode.app\/Contents\/Developer\/Platforms\/iPhoneOS.platform\/Library\/Developer\/CoreSimulator\/Profiles\/DeviceTypes\/iPad mini (5th generation).simdevicetype",
          "name" : "iPad mini (5th generation)",
          "identifier" : "com.apple.CoreSimulator.SimDeviceType.iPad-mini--5th-generation-",
          "productFamily" : "iPad"
        },
        {
          "bundlePath" : "\/Applications\/Xcode.app\/Contents\/Developer\/Platforms\/iPhoneOS.platform\/Library\/Developer\/CoreSimulator\/Profiles\/DeviceTypes\/iPad Air (3rd generation).simdevicetype",
          "name" : "iPad Air (3rd generation)",
          "identifier" : "com.apple.CoreSimulator.SimDeviceType.iPad-Air--3rd-generation-",
          "productFamily" : "iPad"
        },
        {
          "bundlePath" : "\/Applications\/Xcode.app\/Contents\/Developer\/Platforms\/iPhoneOS.platform\/Library\/Developer\/CoreSimulator\/Profiles\/DeviceTypes\/iPad (8th generation).simdevicetype",
          "name" : "iPad (8th generation)",
          "identifier" : "com.apple.CoreSimulator.SimDeviceType.iPad--8th-generation-",
          "productFamily" : "iPad"
        },
        {
          "bundlePath" : "\/Applications\/Xcode.app\/Contents\/Developer\/Platforms\/iPhoneOS.platform\/Library\/Developer\/CoreSimulator\/Profiles\/DeviceTypes\/iPad Air (4th generation).simdevicetype",
          "name" : "iPad Air (4th generation)",
          "identifier" : "com.apple.CoreSimulator.SimDeviceType.iPad-Air--4th-generation-",
          "productFamily" : "iPad"
        },
        {
          "bundlePath" : "\/Applications\/Xcode.app\/Contents\/Developer\/Platforms\/iPhoneOS.platform\/Library\/Developer\/CoreSimulator\/Profiles\/DeviceTypes\/iPad Pro (11-inch) (3rd generation).simdevicetype",
          "name" : "iPad Pro (11-inch) (3rd generation)",
          "identifier" : "com.apple.CoreSimulator.SimDeviceType.iPad-Pro-11-inch-3rd-generation",
          "productFamily" : "iPad"
        },
        {
          "bundlePath" : "\/Applications\/Xcode.app\/Contents\/Developer\/Platforms\/iPhoneOS.platform\/Library\/Developer\/CoreSimulator\/Profiles\/DeviceTypes\/iPad Pro (12.9-inch) (5th generation).simdevicetype",
          "name" : "iPad Pro (12.9-inch) (5th generation)",
          "identifier" : "com.apple.CoreSimulator.SimDeviceType.iPad-Pro-12-9-inch-5th-generation",
          "productFamily" : "iPad"
        }
      ],
      "name" : "iOS 14.5"
    },
    "dataPath" : "\/Users\/kcisneros\/Library\/Developer\/CoreSimulator\/Devices\/9275A049-9576-422C-AA06-A3E4387366D6\/data",
    "logPath" : "\/Users\/kcisneros\/Library\/Logs\/CoreSimulator\/9275A049-9576-422C-AA06-A3E4387366D6",
    "udid" : "9275A049-9576-422C-AA06-A3E4387366D6",
    "isAvailable" : true,
    "deviceType" : {
      "minRuntimeVersion" : 917760,
      "bundlePath" : "\/Applications\/Xcode.app\/Contents\/Developer\/Platforms\/iPhoneOS.platform\/Library\/Developer\/CoreSimulator\/Profiles\/DeviceTypes\/iPhone 12.simdevicetype",
      "maxRuntimeVersion" : 4294967295,
      "name" : "iPhone 12",
      "identifier" : "com.apple.CoreSimulator.SimDeviceType.iPhone-12",
      "productFamily" : "iPhone"
    },
    "deviceTypeIdentifier" : "com.apple.CoreSimulator.SimDeviceType.iPhone-12",
    "state" : "Booted",
    "name" : "iPhone 12"
  }
]

detox[21520] DEBUG: [EXEC_CMD, #1] applesimutils --list --byId 9275A049-9576-422C-AA06-A3E4387366D6 --maxResults 1
detox[21520] TRACE: [EXEC_SUCCESS, #1] [
  {
    "os" : {
      "bundlePath" : "\/Applications\/Xcode.app\/Contents\/Developer\/Platforms\/iPhoneOS.platform\/Library\/Developer\/CoreSimulator\/Profiles\/Runtimes\/iOS.simruntime",
      "buildversion" : "18E182",
      "runtimeRoot" : "\/Applications\/Xcode.app\/Contents\/Developer\/Platforms\/iPhoneOS.platform\/Library\/Developer\/CoreSimulator\/Profiles\/Runtimes\/iOS.simruntime\/Contents\/Resources\/RuntimeRoot",
      "identifier" : "com.apple.CoreSimulator.SimRuntime.iOS-14-5",
      "version" : "14.5",
      "isAvailable" : true,
      "supportedDeviceTypes" : [
        {
          "bundlePath" : "\/Applications\/Xcode.app\/Contents\/Developer\/Platforms\/iPhoneOS.platform\/Library\/Developer\/CoreSimulator\/Profiles\/DeviceTypes\/iPhone 6s.simdevicetype",
          "name" : "iPhone 6s",
          "identifier" : "com.apple.CoreSimulator.SimDeviceType.iPhone-6s",
          "productFamily" : "iPhone"
        },
        {
          "bundlePath" : "\/Applications\/Xcode.app\/Contents\/Developer\/Platforms\/iPhoneOS.platform\/Library\/Developer\/CoreSimulator\/Profiles\/DeviceTypes\/iPhone 6s Plus.simdevicetype",
          "name" : "iPhone 6s Plus",
          "identifier" : "com.apple.CoreSimulator.SimDeviceType.iPhone-6s-Plus",
          "productFamily" : "iPhone"
        },
        {
          "bundlePath" : "\/Applications\/Xcode.app\/Contents\/Developer\/Platforms\/iPhoneOS.platform\/Library\/Developer\/CoreSimulator\/Profiles\/DeviceTypes\/iPhone SE (1st generation).simdevicetype",
          "name" : "iPhone SE (1st generation)",
          "identifier" : "com.apple.CoreSimulator.SimDeviceType.iPhone-SE",
          "productFamily" : "iPhone"
        },
        {
          "bundlePath" : "\/Applications\/Xcode.app\/Contents\/Developer\/Platforms\/iPhoneOS.platform\/Library\/Developer\/CoreSimulator\/Profiles\/DeviceTypes\/iPhone 7.simdevicetype",
          "name" : "iPhone 7",
          "identifier" : "com.apple.CoreSimulator.SimDeviceType.iPhone-7",
          "productFamily" : "iPhone"
        },
        {
          "bundlePath" : "\/Applications\/Xcode.app\/Contents\/Developer\/Platforms\/iPhoneOS.platform\/Library\/Developer\/CoreSimulator\/Profiles\/DeviceTypes\/iPhone 7 Plus.simdevicetype",
          "name" : "iPhone 7 Plus",
          "identifier" : "com.apple.CoreSimulator.SimDeviceType.iPhone-7-Plus",
          "productFamily" : "iPhone"
        },
        {
          "bundlePath" : "\/Applications\/Xcode.app\/Contents\/Developer\/Platforms\/iPhoneOS.platform\/Library\/Developer\/CoreSimulator\/Profiles\/DeviceTypes\/iPhone 8.simdevicetype",
          "name" : "iPhone 8",
          "identifier" : "com.apple.CoreSimulator.SimDeviceType.iPhone-8",
          "productFamily" : "iPhone"
        },
        {
          "bundlePath" : "\/Applications\/Xcode.app\/Contents\/Developer\/Platforms\/iPhoneOS.platform\/Library\/Developer\/CoreSimulator\/Profiles\/DeviceTypes\/iPhone 8 Plus.simdevicetype",
          "name" : "iPhone 8 Plus",
          "identifier" : "com.apple.CoreSimulator.SimDeviceType.iPhone-8-Plus",
          "productFamily" : "iPhone"
        },
        {
          "bundlePath" : "\/Applications\/Xcode.app\/Contents\/Developer\/Platforms\/iPhoneOS.platform\/Library\/Developer\/CoreSimulator\/Profiles\/DeviceTypes\/iPhone X.simdevicetype",
          "name" : "iPhone X",
          "identifier" : "com.apple.CoreSimulator.SimDeviceType.iPhone-X",
          "productFamily" : "iPhone"
        },
        {
          "bundlePath" : "\/Applications\/Xcode.app\/Contents\/Developer\/Platforms\/iPhoneOS.platform\/Library\/Developer\/CoreSimulator\/Profiles\/DeviceTypes\/iPhone Xs.simdevicetype",
          "name" : "iPhone Xs",
          "identifier" : "com.apple.CoreSimulator.SimDeviceType.iPhone-XS",
          "productFamily" : "iPhone"
        },
        {
          "bundlePath" : "\/Applications\/Xcode.app\/Contents\/Developer\/Platforms\/iPhoneOS.platform\/Library\/Developer\/CoreSimulator\/Profiles\/DeviceTypes\/iPhone Xs Max.simdevicetype",
          "name" : "iPhone Xs Max",
          "identifier" : "com.apple.CoreSimulator.SimDeviceType.iPhone-XS-Max",
          "productFamily" : "iPhone"
        },
        {
          "bundlePath" : "\/Applications\/Xcode.app\/Contents\/Developer\/Platforms\/iPhoneOS.platform\/Library\/Developer\/CoreSimulator\/Profiles\/DeviceTypes\/iPhone Xʀ.simdevicetype",
          "name" : "iPhone Xʀ",
          "identifier" : "com.apple.CoreSimulator.SimDeviceType.iPhone-XR",
          "productFamily" : "iPhone"
        },
        {
          "bundlePath" : "\/Applications\/Xcode.app\/Contents\/Developer\/Platforms\/iPhoneOS.platform\/Library\/Developer\/CoreSimulator\/Profiles\/DeviceTypes\/iPhone 11.simdevicetype",
          "name" : "iPhone 11",
          "identifier" : "com.apple.CoreSimulator.SimDeviceType.iPhone-11",
          "productFamily" : "iPhone"
        },
        {
          "bundlePath" : "\/Applications\/Xcode.app\/Contents\/Developer\/Platforms\/iPhoneOS.platform\/Library\/Developer\/CoreSimulator\/Profiles\/DeviceTypes\/iPhone 11 Pro.simdevicetype",
          "name" : "iPhone 11 Pro",
          "identifier" : "com.apple.CoreSimulator.SimDeviceType.iPhone-11-Pro",
          "productFamily" : "iPhone"
        },
        {
          "bundlePath" : "\/Applications\/Xcode.app\/Contents\/Developer\/Platforms\/iPhoneOS.platform\/Library\/Developer\/CoreSimulator\/Profiles\/DeviceTypes\/iPhone 11 Pro Max.simdevicetype",
          "name" : "iPhone 11 Pro Max",
          "identifier" : "com.apple.CoreSimulator.SimDeviceType.iPhone-11-Pro-Max",
          "productFamily" : "iPhone"
        },
        {
          "bundlePath" : "\/Applications\/Xcode.app\/Contents\/Developer\/Platforms\/iPhoneOS.platform\/Library\/Developer\/CoreSimulator\/Profiles\/DeviceTypes\/iPhone SE (2nd generation).simdevicetype",
          "name" : "iPhone SE (2nd generation)",
          "identifier" : "com.apple.CoreSimulator.SimDeviceType.iPhone-SE--2nd-generation-",
          "productFamily" : "iPhone"
        },
        {
          "bundlePath" : "\/Applications\/Xcode.app\/Contents\/Developer\/Platforms\/iPhoneOS.platform\/Library\/Developer\/CoreSimulator\/Profiles\/DeviceTypes\/iPhone 12 mini.simdevicetype",
          "name" : "iPhone 12 mini",
          "identifier" : "com.apple.CoreSimulator.SimDeviceType.iPhone-12-mini",
          "productFamily" : "iPhone"
        },
        {
          "bundlePath" : "\/Applications\/Xcode.app\/Contents\/Developer\/Platforms\/iPhoneOS.platform\/Library\/Developer\/CoreSimulator\/Profiles\/DeviceTypes\/iPhone 12.simdevicetype",
          "name" : "iPhone 12",
          "identifier" : "com.apple.CoreSimulator.SimDeviceType.iPhone-12",
          "productFamily" : "iPhone"
        },
        {
          "bundlePath" : "\/Applications\/Xcode.app\/Contents\/Developer\/Platforms\/iPhoneOS.platform\/Library\/Developer\/CoreSimulator\/Profiles\/DeviceTypes\/iPhone 12 Pro.simdevicetype",
          "name" : "iPhone 12 Pro",
          "identifier" : "com.apple.CoreSimulator.SimDeviceType.iPhone-12-Pro",
          "productFamily" : "iPhone"
        },
        {
          "bundlePath" : "\/Applications\/Xcode.app\/Contents\/Developer\/Platforms\/iPhoneOS.platform\/Library\/Developer\/CoreSimulator\/Profiles\/DeviceTypes\/iPhone 12 Pro Max.simdevicetype",
          "name" : "iPhone 12 Pro Max",
          "identifier" : "com.apple.CoreSimulator.SimDeviceType.iPhone-12-Pro-Max",
          "productFamily" : "iPhone"
        },
        {
          "bundlePath" : "\/Applications\/Xcode.app\/Contents\/Developer\/Platforms\/iPhoneOS.platform\/Library\/Developer\/CoreSimulator\/Profiles\/DeviceTypes\/iPod touch (7th generation).simdevicetype",
          "name" : "iPod touch (7th generation)",
          "identifier" : "com.apple.CoreSimulator.SimDeviceType.iPod-touch--7th-generation-",
          "productFamily" : "iPhone"
        },
        {
          "bundlePath" : "\/Applications\/Xcode.app\/Contents\/Developer\/Platforms\/iPhoneOS.platform\/Library\/Developer\/CoreSimulator\/Profiles\/DeviceTypes\/iPad mini 4.simdevicetype",
          "name" : "iPad mini 4",
          "identifier" : "com.apple.CoreSimulator.SimDeviceType.iPad-mini-4",
          "productFamily" : "iPad"
        },
        {
          "bundlePath" : "\/Applications\/Xcode.app\/Contents\/Developer\/Platforms\/iPhoneOS.platform\/Library\/Developer\/CoreSimulator\/Profiles\/DeviceTypes\/iPad Air 2.simdevicetype",
          "name" : "iPad Air 2",
          "identifier" : "com.apple.CoreSimulator.SimDeviceType.iPad-Air-2",
          "productFamily" : "iPad"
        },
        {
          "bundlePath" : "\/Applications\/Xcode.app\/Contents\/Developer\/Platforms\/iPhoneOS.platform\/Library\/Developer\/CoreSimulator\/Profiles\/DeviceTypes\/iPad Pro (9.7-inch).simdevicetype",
          "name" : "iPad Pro (9.7-inch)",
          "identifier" : "com.apple.CoreSimulator.SimDeviceType.iPad-Pro--9-7-inch-",
          "productFamily" : "iPad"
        },
        {
          "bundlePath" : "\/Applications\/Xcode.app\/Contents\/Developer\/Platforms\/iPhoneOS.platform\/Library\/Developer\/CoreSimulator\/Profiles\/DeviceTypes\/iPad Pro (12.9-inch) (1st generation).simdevicetype",
          "name" : "iPad Pro (12.9-inch) (1st generation)",
          "identifier" : "com.apple.CoreSimulator.SimDeviceType.iPad-Pro",
          "productFamily" : "iPad"
        },
        {
          "bundlePath" : "\/Applications\/Xcode.app\/Contents\/Developer\/Platforms\/iPhoneOS.platform\/Library\/Developer\/CoreSimulator\/Profiles\/DeviceTypes\/iPad (5th generation).simdevicetype",
          "name" : "iPad (5th generation)",
          "identifier" : "com.apple.CoreSimulator.SimDeviceType.iPad--5th-generation-",
          "productFamily" : "iPad"
        },
        {
          "bundlePath" : "\/Applications\/Xcode.app\/Contents\/Developer\/Platforms\/iPhoneOS.platform\/Library\/Developer\/CoreSimulator\/Profiles\/DeviceTypes\/iPad Pro (12.9-inch) (2nd generation).simdevicetype",
          "name" : "iPad Pro (12.9-inch) (2nd generation)",
          "identifier" : "com.apple.CoreSimulator.SimDeviceType.iPad-Pro--12-9-inch---2nd-generation-",
          "productFamily" : "iPad"
        },
        {
          "bundlePath" : "\/Applications\/Xcode.app\/Contents\/Developer\/Platforms\/iPhoneOS.platform\/Library\/Developer\/CoreSimulator\/Profiles\/DeviceTypes\/iPad Pro (10.5-inch).simdevicetype",
          "name" : "iPad Pro (10.5-inch)",
          "identifier" : "com.apple.CoreSimulator.SimDeviceType.iPad-Pro--10-5-inch-",
          "productFamily" : "iPad"
        },
        {
          "bundlePath" : "\/Applications\/Xcode.app\/Contents\/Developer\/Platforms\/iPhoneOS.platform\/Library\/Developer\/CoreSimulator\/Profiles\/DeviceTypes\/iPad (6th generation).simdevicetype",
          "name" : "iPad (6th generation)",
          "identifier" : "com.apple.CoreSimulator.SimDeviceType.iPad--6th-generation-",
          "productFamily" : "iPad"
        },
        {
          "bundlePath" : "\/Applications\/Xcode.app\/Contents\/Developer\/Platforms\/iPhoneOS.platform\/Library\/Developer\/CoreSimulator\/Profiles\/DeviceTypes\/iPad (7th generation).simdevicetype",
          "name" : "iPad (7th generation)",
          "identifier" : "com.apple.CoreSimulator.SimDeviceType.iPad--7th-generation-",
          "productFamily" : "iPad"
        },
        {
          "bundlePath" : "\/Applications\/Xcode.app\/Contents\/Developer\/Platforms\/iPhoneOS.platform\/Library\/Developer\/CoreSimulator\/Profiles\/DeviceTypes\/iPad Pro (11-inch) (1st generation).simdevicetype",
          "name" : "iPad Pro (11-inch) (1st generation)",
          "identifier" : "com.apple.CoreSimulator.SimDeviceType.iPad-Pro--11-inch-",
          "productFamily" : "iPad"
        },
        {
          "bundlePath" : "\/Applications\/Xcode.app\/Contents\/Developer\/Platforms\/iPhoneOS.platform\/Library\/Developer\/CoreSimulator\/Profiles\/DeviceTypes\/iPad Pro (12.9-inch) (3rd generation).simdevicetype",
          "name" : "iPad Pro (12.9-inch) (3rd generation)",
          "identifier" : "com.apple.CoreSimulator.SimDeviceType.iPad-Pro--12-9-inch---3rd-generation-",
          "productFamily" : "iPad"
        },
        {
          "bundlePath" : "\/Applications\/Xcode.app\/Contents\/Developer\/Platforms\/iPhoneOS.platform\/Library\/Developer\/CoreSimulator\/Profiles\/DeviceTypes\/iPad Pro (11-inch) (2nd generation).simdevicetype",
          "name" : "iPad Pro (11-inch) (2nd generation)",
          "identifier" : "com.apple.CoreSimulator.SimDeviceType.iPad-Pro--11-inch---2nd-generation-",
          "productFamily" : "iPad"
        },
        {
          "bundlePath" : "\/Applications\/Xcode.app\/Contents\/Developer\/Platforms\/iPhoneOS.platform\/Library\/Developer\/CoreSimulator\/Profiles\/DeviceTypes\/iPad Pro (12.9-inch) (4th generation).simdevicetype",
          "name" : "iPad Pro (12.9-inch) (4th generation)",
          "identifier" : "com.apple.CoreSimulator.SimDeviceType.iPad-Pro--12-9-inch---4th-generation-",
          "productFamily" : "iPad"
        },
        {
          "bundlePath" : "\/Applications\/Xcode.app\/Contents\/Developer\/Platforms\/iPhoneOS.platform\/Library\/Developer\/CoreSimulator\/Profiles\/DeviceTypes\/iPad mini (5th generation).simdevicetype",
          "name" : "iPad mini (5th generation)",
          "identifier" : "com.apple.CoreSimulator.SimDeviceType.iPad-mini--5th-generation-",
          "productFamily" : "iPad"
        },
        {
          "bundlePath" : "\/Applications\/Xcode.app\/Contents\/Developer\/Platforms\/iPhoneOS.platform\/Library\/Developer\/CoreSimulator\/Profiles\/DeviceTypes\/iPad Air (3rd generation).simdevicetype",
          "name" : "iPad Air (3rd generation)",
          "identifier" : "com.apple.CoreSimulator.SimDeviceType.iPad-Air--3rd-generation-",
          "productFamily" : "iPad"
        },
        {
          "bundlePath" : "\/Applications\/Xcode.app\/Contents\/Developer\/Platforms\/iPhoneOS.platform\/Library\/Developer\/CoreSimulator\/Profiles\/DeviceTypes\/iPad (8th generation).simdevicetype",
          "name" : "iPad (8th generation)",
          "identifier" : "com.apple.CoreSimulator.SimDeviceType.iPad--8th-generation-",
          "productFamily" : "iPad"
        },
        {
          "bundlePath" : "\/Applications\/Xcode.app\/Contents\/Developer\/Platforms\/iPhoneOS.platform\/Library\/Developer\/CoreSimulator\/Profiles\/DeviceTypes\/iPad Air (4th generation).simdevicetype",
          "name" : "iPad Air (4th generation)",
          "identifier" : "com.apple.CoreSimulator.SimDeviceType.iPad-Air--4th-generation-",
          "productFamily" : "iPad"
        },
        {
          "bundlePath" : "\/Applications\/Xcode.app\/Contents\/Developer\/Platforms\/iPhoneOS.platform\/Library\/Developer\/CoreSimulator\/Profiles\/DeviceTypes\/iPad Pro (11-inch) (3rd generation).simdevicetype",
          "name" : "iPad Pro (11-inch) (3rd generation)",
          "identifier" : "com.apple.CoreSimulator.SimDeviceType.iPad-Pro-11-inch-3rd-generation",
          "productFamily" : "iPad"
        },
        {
          "bundlePath" : "\/Applications\/Xcode.app\/Contents\/Developer\/Platforms\/iPhoneOS.platform\/Library\/Developer\/CoreSimulator\/Profiles\/DeviceTypes\/iPad Pro (12.9-inch) (5th generation).simdevicetype",
          "name" : "iPad Pro (12.9-inch) (5th generation)",
          "identifier" : "com.apple.CoreSimulator.SimDeviceType.iPad-Pro-12-9-inch-5th-generation",
          "productFamily" : "iPad"
        }
      ],
      "name" : "iOS 14.5"
    },
    "dataPath" : "\/Users\/kcisneros\/Library\/Developer\/CoreSimulator\/Devices\/9275A049-9576-422C-AA06-A3E4387366D6\/data",
    "logPath" : "\/Users\/kcisneros\/Library\/Logs\/CoreSimulator\/9275A049-9576-422C-AA06-A3E4387366D6",
    "udid" : "9275A049-9576-422C-AA06-A3E4387366D6",
    "isAvailable" : true,
    "deviceType" : {
      "minRuntimeVersion" : 917760,
      "bundlePath" : "\/Applications\/Xcode.app\/Contents\/Developer\/Platforms\/iPhoneOS.platform\/Library\/Developer\/CoreSimulator\/Profiles\/DeviceTypes\/iPhone 12.simdevicetype",
      "maxRuntimeVersion" : 4294967295,
      "name" : "iPhone 12",
      "identifier" : "com.apple.CoreSimulator.SimDeviceType.iPhone-12",
      "productFamily" : "iPhone"
    },
    "deviceTypeIdentifier" : "com.apple.CoreSimulator.SimDeviceType.iPhone-12",
    "state" : "Booted",
    "name" : "iPhone 12"
  }
]

detox[21520] TRACE: [ARTIFACTS_LIFECYCLE] artifactsManager.onBootDevice({
  coldBoot: false,
  deviceId: '9275A049-9576-422C-AA06-A3E4387366D6',
  type: 'iPhone 12'
})
detox[21520] TRACE: [ARTIFACTS_LIFECYCLE] artifactsManager.onBeforeTerminateApp({
  deviceId: '9275A049-9576-422C-AA06-A3E4387366D6',
  bundleId: 'org.reactjs.native.example.pqaa-detox'
})
detox[21520] DEBUG: [EXEC_CMD, #2] /usr/bin/xcrun simctl terminate 9275A049-9576-422C-AA06-A3E4387366D6 org.reactjs.native.example.pqaa-detox
detox[21520] DEBUG: [EXEC_TRY, #2] Terminating org.reactjs.native.example.pqaa-detox...
detox[21520] TRACE: [EXEC_SUCCESS, #2] 
detox[21520] DEBUG: [EXEC_SUCCESS, #2] org.reactjs.native.example.pqaa-detox terminated
detox[21520] TRACE: [ARTIFACTS_LIFECYCLE] artifactsManager.onTerminateApp({
  deviceId: '9275A049-9576-422C-AA06-A3E4387366D6',
  bundleId: 'org.reactjs.native.example.pqaa-detox'
})
detox[21520] TRACE: [ARTIFACTS_LIFECYCLE] artifactsManager.onBeforeUninstallApp({
  deviceId: '9275A049-9576-422C-AA06-A3E4387366D6',
  bundleId: 'org.reactjs.native.example.pqaa-detox'
})
detox[21520] DEBUG: [EXEC_CMD, #3] /usr/bin/xcrun simctl uninstall 9275A049-9576-422C-AA06-A3E4387366D6 org.reactjs.native.example.pqaa-detox
detox[21520] DEBUG: [EXEC_TRY, #3] Uninstalling org.reactjs.native.example.pqaa-detox...
detox[21520] TRACE: [EXEC_SUCCESS, #3] 
detox[21520] DEBUG: [EXEC_SUCCESS, #3] org.reactjs.native.example.pqaa-detox uninstalled
detox[21520] DEBUG: [EXEC_CMD, #4] /usr/bin/xcrun simctl install 9275A049-9576-422C-AA06-A3E4387366D6 "/Users/kcisneros/Desktop/project/pqaa_detox/ios/build/Build/Products/Debug-iphonesimulator/pqaa_detox.app"
detox[21520] DEBUG: [EXEC_TRY, #4] Installing /Users/kcisneros/Desktop/project/pqaa_detox/ios/build/Build/Products/Debug-iphonesimulator/pqaa_detox.app...
detox[21520] TRACE: [EXEC_SUCCESS, #4] 
detox[21520] DEBUG: [EXEC_SUCCESS, #4] /Users/kcisneros/Desktop/project/pqaa_detox/ios/build/Build/Products/Debug-iphonesimulator/pqaa_detox.app installed
detox[21520] TRACE: [ARTIFACTS_LIFECYCLE] artifactsManager.onBeforeTerminateApp({
  deviceId: '9275A049-9576-422C-AA06-A3E4387366D6',
  bundleId: 'org.reactjs.native.example.pqaa-detox'
})
detox[21520] DEBUG: [EXEC_CMD, #5] /usr/bin/xcrun simctl terminate 9275A049-9576-422C-AA06-A3E4387366D6 org.reactjs.native.example.pqaa-detox
detox[21520] DEBUG: [EXEC_TRY, #5] Terminating org.reactjs.native.example.pqaa-detox...
detox[21520] TRACE: [EXEC_SUCCESS, #5] 
detox[21520] DEBUG: [EXEC_SUCCESS, #5] org.reactjs.native.example.pqaa-detox terminated
detox[21520] TRACE: [ARTIFACTS_LIFECYCLE] artifactsManager.onTerminateApp({
  deviceId: '9275A049-9576-422C-AA06-A3E4387366D6',
  bundleId: 'org.reactjs.native.example.pqaa-detox'
})
detox[21520] TRACE: [ARTIFACTS_LIFECYCLE] artifactsManager.onBeforeUninstallApp({
  deviceId: '9275A049-9576-422C-AA06-A3E4387366D6',
  bundleId: 'org.reactjs.native.example.pqaa-detox'
})
detox[21520] DEBUG: [EXEC_CMD, #6] /usr/bin/xcrun simctl uninstall 9275A049-9576-422C-AA06-A3E4387366D6 org.reactjs.native.example.pqaa-detox
detox[21520] DEBUG: [EXEC_TRY, #6] Uninstalling org.reactjs.native.example.pqaa-detox...
detox[21520] TRACE: [EXEC_SUCCESS, #6] 
detox[21520] DEBUG: [EXEC_SUCCESS, #6] org.reactjs.native.example.pqaa-detox uninstalled
detox[21520] DEBUG: [EXEC_CMD, #7] /usr/bin/xcrun simctl install 9275A049-9576-422C-AA06-A3E4387366D6 "/Users/kcisneros/Desktop/project/pqaa_detox/ios/build/Build/Products/Debug-iphonesimulator/pqaa_detox.app"
detox[21520] DEBUG: [EXEC_TRY, #7] Installing /Users/kcisneros/Desktop/project/pqaa_detox/ios/build/Build/Products/Debug-iphonesimulator/pqaa_detox.app...
detox[21520] TRACE: [EXEC_SUCCESS, #7] 
detox[21520] DEBUG: [EXEC_SUCCESS, #7] /Users/kcisneros/Desktop/project/pqaa_detox/ios/build/Build/Products/Debug-iphonesimulator/pqaa_detox.app installed
detox[21520] TRACE: [ARTIFACTS_LIFECYCLE] artifactsManager.onBeforeLaunchApp({
  bundleId: 'org.reactjs.native.example.pqaa-detox',
  deviceId: '9275A049-9576-422C-AA06-A3E4387366D6',
  launchArgs: {
    detoxServer: 'ws://localhost:54177',
    detoxSessionId: '9909dcfb-0aa4-7dc8-7346-4e535fb508e9'
  }
})
detox[21520] TRACE: [ARTIFACT_START] starting SimulatorLogRecording {
  udid: '9275A049-9576-422C-AA06-A3E4387366D6',
  bundleId: 'org.reactjs.native.example.pqaa-detox'
}
detox[21520] DEBUG: [EXEC_CMD, #8] /usr/bin/xcrun simctl get_app_container 9275A049-9576-422C-AA06-A3E4387366D6 org.reactjs.native.example.pqaa-detox
detox[21520] TRACE: [EXEC_SUCCESS, #8] /Users/kcisneros/Library/Developer/CoreSimulator/Devices/9275A049-9576-422C-AA06-A3E4387366D6/data/Containers/Bundle/Application/96A58ABF-86F8-4978-B345-72C41E3DA733/pqaa_detox.app

detox[21520] DEBUG: [SPAWN_CMD, #21577] /usr/bin/xcrun simctl spawn 9275A049-9576-422C-AA06-A3E4387366D6 log stream --level debug --style compact --predicate "processImagePath beginsWith \"/Users/kcisneros/Library/Developer/CoreSimulator/Devices/9275A049-9576-422C-AA06-A3E4387366D6/data/Containers/Bundle/Application/96A58ABF-86F8-4978-B345-72C41E3DA733/pqaa_detox.app\""
detox[21520] DEBUG: [EXEC_CMD, #9] SIMCTL_CHILD_DYLD_INSERT_LIBRARIES="/Users/kcisneros/Library/Detox/ios/e3b39c9f9af3abf67080e31b710a626ecd76280d/Detox.framework/Detox" /usr/bin/xcrun simctl launch 9275A049-9576-422C-AA06-A3E4387366D6 org.reactjs.native.example.pqaa-detox --args -detoxServer ws://localhost:54177 -detoxSessionId 9909dcfb-0aa4-7dc8-7346-4e535fb508e9 -detoxDisableHierarchyDump YES
detox[21520] DEBUG: [EXEC_TRY, #9] Launching org.reactjs.native.example.pqaa-detox...
detox[21520] TRACE: [EXEC_SUCCESS, #9] org.reactjs.native.example.pqaa-detox: 21584

detox[21520] DEBUG: [EXEC_CMD, #10] /usr/bin/xcrun simctl get_app_container 9275A049-9576-422C-AA06-A3E4387366D6 org.reactjs.native.example.pqaa-detox
detox[21520] TRACE: [EXEC_SUCCESS, #10] /Users/kcisneros/Library/Developer/CoreSimulator/Devices/9275A049-9576-422C-AA06-A3E4387366D6/data/Containers/Bundle/Application/96A58ABF-86F8-4978-B345-72C41E3DA733/pqaa_detox.app

detox[21520] INFO:  [AppleSimUtils.js] org.reactjs.native.example.pqaa-detox launched. To watch simulator logs, run:
        /usr/bin/xcrun simctl spawn 9275A049-9576-422C-AA06-A3E4387366D6 log stream --level debug --style compact --predicate 'process == "pqaa_detox"'
detox[21584] TRACE: [ARTIFACTS_LIFECYCLE] artifactsManager.onLaunchApp({
  bundleId: 'org.reactjs.native.example.pqaa-detox',
  deviceId: '9275A049-9576-422C-AA06-A3E4387366D6',
  launchArgs: {
    detoxServer: 'ws://localhost:54177',
    detoxSessionId: '9909dcfb-0aa4-7dc8-7346-4e535fb508e9',
    detoxDisableHierarchyDump: 'YES'
  },
  pid: 21584
})
detox[21520] DEBUG: [WSS_CONNECTION, #54182] registered a new connection.
detox[21520] TRACE: [WSS_GET_FROM, #54182] {"params":{"sessionId":"9909dcfb-0aa4-7dc8-7346-4e535fb508e9","role":"app"},"type":"login","messageId":0}
detox[21520] TRACE: [WSS_SEND_TO, #app] {"params":{"testerConnected":true,"appConnected":true},"type":"loginSuccess","messageId":0}
detox[21520] TRACE: [SESSION_JOINED] app joined session 9909dcfb-0aa4-7dc8-7346-4e535fb508e9
detox[21520] TRACE: [WSS_SEND_TO, #tester] {"type":"appConnected"}
detox[21520] TRACE: [WS_MESSAGE] {"type":"appConnected"}
 
detox[21520] TRACE: [WS_SEND] {"type":"isReady","params":{},"messageId":-1000}
detox[21520] TRACE: [WSS_GET_FROM, #tester] {"type":"isReady","params":{},"messageId":-1000}
detox[21520] TRACE: [WSS_SEND_TO, #app] {"type":"isReady","params":{},"messageId":-1000}
detox[21520] TRACE: [WSS_GET_FROM, #app] {"type":"ready","params":{},"messageId":-1000}
detox[21520] TRACE: [WSS_SEND_TO, #tester] {"type":"ready","params":{},"messageId":-1000}
detox[21520] TRACE: [WS_MESSAGE] {"type":"ready","params":{},"messageId":-1000}
 
detox[21520] TRACE: [WS_SEND] {"type":"waitForActive","params":{},"messageId":1}
detox[21520] TRACE: [WSS_GET_FROM, #tester] {"type":"waitForActive","params":{},"messageId":1}
detox[21520] TRACE: [WSS_SEND_TO, #app] {"type":"waitForActive","params":{},"messageId":1}
detox[21520] TRACE: [WSS_GET_FROM, #app] {"type":"ready","params":{},"messageId":-1000}
detox[21520] TRACE: [WSS_SEND_TO, #tester] {"type":"ready","params":{},"messageId":-1000}
detox[21520] TRACE: [WS_MESSAGE] {"type":"ready","params":{},"messageId":-1000}
 
detox[21520] TRACE: [WSS_GET_FROM, #app] {"type":"ready","messageId":-1000,"params":{}}
detox[21520] TRACE: [WSS_SEND_TO, #tester] {"type":"ready","messageId":-1000,"params":{}}
detox[21520] TRACE: [WS_MESSAGE] {"type":"ready","messageId":-1000,"params":{}}
 
detox[21520] TRACE: [WSS_GET_FROM, #app] {"type":"waitForActiveDone","messageId":1,"params":{}}
detox[21520] TRACE: [WSS_SEND_TO, #tester] {"type":"waitForActiveDone","messageId":1,"params":{}}
detox[21520] TRACE: [WS_MESSAGE] {"type":"waitForActiveDone","messageId":1,"params":{}}
 
detox[21584] TRACE: [ARTIFACTS_LIFECYCLE] artifactsManager.onAppReady({
  deviceId: '9275A049-9576-422C-AA06-A3E4387366D6',
  bundleId: 'org.reactjs.native.example.pqaa-detox',
  pid: 21584
})
detox[21520] TRACE: [DETOX_BEFORE_EACH] running test: "I navigate to the Animation screen and toggle the switch"
detox[21520] TRACE: [ARTIFACTS_LIFECYCLE] artifactsManager.onTestStart({
  fullName: 'I navigate to the Animation screen and toggle the switch',
  status: 'running'
})
detox[21520] TRACE: [ARTIFACT_STOP] stopping SimulatorLogRecording
detox[21520] TRACE: [SPAWN_KILL, #21577] sending SIGINT to: /usr/bin/xcrun simctl spawn 9275A049-9576-422C-AA06-A3E4387366D6 log stream --level debug --style compact --predicate processImagePath beginsWith "/Users/kcisneros/Library/Developer/CoreSimulator/Devices/9275A049-9576-422C-AA06-A3E4387366D6/data/Containers/Bundle/Application/96A58ABF-86F8-4978-B345-72C41E3DA733/pqaa_detox.app"
detox[21520] DEBUG: [SPAWN_END, #21577] /usr/bin/xcrun simctl spawn 9275A049-9576-422C-AA06-A3E4387366D6 log stream --level debug --style compact --predicate "processImagePath beginsWith \"/Users/kcisneros/Library/Developer/CoreSimulator/Devices/9275A049-9576-422C-AA06-A3E4387366D6/data/Containers/Bundle/Application/96A58ABF-86F8-4978-B345-72C41E3DA733/pqaa_detox.app\"" finished with code = 0
detox[21520] TRACE: [ARTIFACT_START] starting SimulatorLogRecording
detox[21520] DEBUG: [EXEC_CMD, #11] /usr/bin/xcrun simctl get_app_container 9275A049-9576-422C-AA06-A3E4387366D6 org.reactjs.native.example.pqaa-detox
detox[21520] TRACE: [EXEC_SUCCESS, #11] /Users/kcisneros/Library/Developer/CoreSimulator/Devices/9275A049-9576-422C-AA06-A3E4387366D6/data/Containers/Bundle/Application/96A58ABF-86F8-4978-B345-72C41E3DA733/pqaa_detox.app

detox[21520] DEBUG: [SPAWN_CMD, #21596] /usr/bin/xcrun simctl spawn 9275A049-9576-422C-AA06-A3E4387366D6 log stream --level debug --style compact --predicate "processImagePath beginsWith \"/Users/kcisneros/Library/Developer/CoreSimulator/Devices/9275A049-9576-422C-AA06-A3E4387366D6/data/Containers/Bundle/Application/96A58ABF-86F8-4978-B345-72C41E3DA733/pqaa_detox.app\""
detox[21520] TRACE: [ARTIFACT_START] starting SimulatorVideoRecording
detox[21520] DEBUG: [SPAWN_CMD, #21599] /usr/bin/xcrun simctl io 9275A049-9576-422C-AA06-A3E4387366D6 recordVideo /private/var/folders/zl/fln87csd5wz52_hmsflynx180000gn/T/e7d914e3-3929-49ed-b65a-ff693d54ab41.detox.mp4
detox[21520] TRACE: [WS_SEND] {"type":"invoke","params":{"type":"action","action":"tap","predicate":{"type":"id","value":"homeSectionText-animation"}},"messageId":2}
detox[21520] TRACE: [WSS_GET_FROM, #tester] {"type":"invoke","params":{"type":"action","action":"tap","predicate":{"type":"id","value":"homeSectionText-animation"}},"messageId":2}
detox[21520] TRACE: [WSS_SEND_TO, #app] {"type":"invoke","params":{"type":"action","action":"tap","predicate":{"type":"id","value":"homeSectionText-animation"}},"messageId":2}
detox[21520] TRACE: [WSS_GET_FROM, #app] {"params":{},"messageId":2,"type":"invokeResult"}
detox[21520] TRACE: [WSS_SEND_TO, #tester] {"params":{},"messageId":2,"type":"invokeResult"}
detox[21520] TRACE: [WS_MESSAGE] {"params":{},"messageId":2,"type":"invokeResult"}
 
detox[21520] TRACE: [WS_SEND] {"type":"invoke","params":{"type":"action","action":"tap","predicate":{"type":"id","value":"animationSwitch"}},"messageId":3}
detox[21520] TRACE: [WSS_GET_FROM, #tester] {"type":"invoke","params":{"type":"action","action":"tap","predicate":{"type":"id","value":"animationSwitch"}},"messageId":3}
detox[21520] TRACE: [WSS_SEND_TO, #app] {"type":"invoke","params":{"type":"action","action":"tap","predicate":{"type":"id","value":"animationSwitch"}},"messageId":3}
detox[21520] ERROR: [SPAWN_STDERR, #21599] Recording started

detox[21520] TRACE: [WS_SEND] {"type":"currentStatus","params":{},"messageId":4}
detox[21520] TRACE: [WSS_GET_FROM, #tester] {"type":"currentStatus","params":{},"messageId":4}
detox[21520] TRACE: [WSS_SEND_TO, #app] {"type":"currentStatus","params":{},"messageId":4}
detox[21520] TRACE: [WSS_GET_FROM, #app] {"type":"currentStatusResult","params":{"status":"The system is busy with the following tasks:\n\nDispatch Queue\n⏱ Queue: “Main Queue (<OS_dispatch_queue_main: com.apple.main-thread>)” with 1 work item\n\nJS Timer\n⏱ 569\n\nRun Loop\n⏱ “Main Run Loop”","messageId":4},"messageId":4}
detox[21520] TRACE: [WSS_SEND_TO, #tester] {"type":"currentStatusResult","params":{"status":"The system is busy with the following tasks:\n\nDispatch Queue\n⏱ Queue: “Main Queue (<OS_dispatch_queue_main: com.apple.main-thread>)” with 1 work item\n\nJS Timer\n⏱ 569\n\nRun Loop\n⏱ “Main Run Loop”","messageId":4},"messageId":4}
detox[21520] TRACE: [WS_MESSAGE] {"type":"currentStatusResult","params":{"status":"The system is busy with the following tasks:\n\nDispatch Queue\n⏱ Queue: “Main Queue (<OS_dispatch_queue_main: com.apple.main-thread>)” with 1 work item\n\nJS Timer\n⏱ 569\n\nRun Loop\n⏱ “Main Run Loop”","messageId":4},"messageId":4}
 
detox[21520] INFO:  [APP_STATUS] The system is busy with the following tasks:

Dispatch Queue
⏱ Queue: “Main Queue (<OS_dispatch_queue_main: com.apple.main-thread>)” with 1 work item

JS Timer
⏱ 569

Run Loop
⏱ “Main Run Loop”
detox[21520] TRACE: [WS_SEND] {"type":"currentStatus","params":{},"messageId":5}
detox[21520] TRACE: [WSS_GET_FROM, #tester] {"type":"currentStatus","params":{},"messageId":5}
detox[21520] TRACE: [WSS_SEND_TO, #app] {"type":"currentStatus","params":{},"messageId":5}
detox[21520] TRACE: [WSS_GET_FROM, #app] {"params":{"status":"The system is busy with the following tasks:\n\nDispatch Queue\n⏱ Queue: “Main Queue (<OS_dispatch_queue_main: com.apple.main-thread>)” with 1 work item\n\nJS Timer\n⏱ 1173\n\nRun Loop\n⏱ “Main Run Loop”","messageId":5},"type":"currentStatusResult","messageId":5}
detox[21520] TRACE: [WSS_SEND_TO, #tester] {"params":{"status":"The system is busy with the following tasks:\n\nDispatch Queue\n⏱ Queue: “Main Queue (<OS_dispatch_queue_main: com.apple.main-thread>)” with 1 work item\n\nJS Timer\n⏱ 1173\n\nRun Loop\n⏱ “Main Run Loop”","messageId":5},"type":"currentStatusResult","messageId":5}
detox[21520] TRACE: [WS_MESSAGE] {"params":{"status":"The system is busy with the following tasks:\n\nDispatch Queue\n⏱ Queue: “Main Queue (<OS_dispatch_queue_main: com.apple.main-thread>)” with 1 work item\n\nJS Timer\n⏱ 1173\n\nRun Loop\n⏱ “Main Run Loop”","messageId":5},"type":"currentStatusResult","messageId":5}
 
detox[21520] INFO:  [APP_STATUS] The system is busy with the following tasks:

Dispatch Queue
⏱ Queue: “Main Queue (<OS_dispatch_queue_main: com.apple.main-thread>)” with 1 work item

JS Timer
⏱ 1173

Run Loop
⏱ “Main Run Loop”
detox[21520] TRACE: [WS_SEND] {"type":"currentStatus","params":{},"messageId":6}
detox[21520] TRACE: [WSS_GET_FROM, #tester] {"type":"currentStatus","params":{},"messageId":6}
detox[21520] TRACE: [WSS_SEND_TO, #app] {"type":"currentStatus","params":{},"messageId":6}
detox[21520] TRACE: [WSS_GET_FROM, #app] {"params":{"messageId":6,"status":"The system is busy with the following tasks:\n\nDispatch Queue\n⏱ Queue: “Main Queue (<OS_dispatch_queue_main: com.apple.main-thread>)” with 1 work item\n\nJS Timer\n⏱ 1774\n\nRun Loop\n⏱ “Main Run Loop”"},"type":"currentStatusResult","messageId":6}
detox[21520] TRACE: [WSS_SEND_TO, #tester] {"params":{"messageId":6,"status":"The system is busy with the following tasks:\n\nDispatch Queue\n⏱ Queue: “Main Queue (<OS_dispatch_queue_main: com.apple.main-thread>)” with 1 work item\n\nJS Timer\n⏱ 1774\n\nRun Loop\n⏱ “Main Run Loop”"},"type":"currentStatusResult","messageId":6}
detox[21520] TRACE: [WS_MESSAGE] {"params":{"messageId":6,"status":"The system is busy with the following tasks:\n\nDispatch Queue\n⏱ Queue: “Main Queue (<OS_dispatch_queue_main: com.apple.main-thread>)” with 1 work item\n\nJS Timer\n⏱ 1774\n\nRun Loop\n⏱ “Main Run Loop”"},"type":"currentStatusResult","messageId":6}
 
detox[21520] INFO:  [APP_STATUS] The system is busy with the following tasks:

Dispatch Queue
⏱ Queue: “Main Queue (<OS_dispatch_queue_main: com.apple.main-thread>)” with 1 work item

JS Timer
⏱ 1774

Run Loop
⏱ “Main Run Loop”
detox[21520] TRACE: [WS_SEND] {"type":"currentStatus","params":{},"messageId":7}
detox[21520] TRACE: [WSS_GET_FROM, #tester] {"type":"currentStatus","params":{},"messageId":7}
detox[21520] TRACE: [WSS_SEND_TO, #app] {"type":"currentStatus","params":{},"messageId":7}
detox[21520] TRACE: [WSS_GET_FROM, #app] {"messageId":7,"params":{"messageId":7,"status":"The system is busy with the following tasks:\n\nDispatch Queue\n⏱ Queue: “Main Queue (<OS_dispatch_queue_main: com.apple.main-thread>)” with 1 work item\n\nJS Timer\n⏱ 2378\n\nRun Loop\n⏱ “Main Run Loop”"},"type":"currentStatusResult"}
detox[21520] TRACE: [WSS_SEND_TO, #tester] {"messageId":7,"params":{"messageId":7,"status":"The system is busy with the following tasks:\n\nDispatch Queue\n⏱ Queue: “Main Queue (<OS_dispatch_queue_main: com.apple.main-thread>)” with 1 work item\n\nJS Timer\n⏱ 2378\n\nRun Loop\n⏱ “Main Run Loop”"},"type":"currentStatusResult"}
detox[21520] TRACE: [WS_MESSAGE] {"messageId":7,"params":{"messageId":7,"status":"The system is busy with the following tasks:\n\nDispatch Queue\n⏱ Queue: “Main Queue (<OS_dispatch_queue_main: com.apple.main-thread>)” with 1 work item\n\nJS Timer\n⏱ 2378\n\nRun Loop\n⏱ “Main Run Loop”"},"type":"currentStatusResult"}
 
detox[21520] INFO:  [APP_STATUS] The system is busy with the following tasks:

Dispatch Queue
⏱ Queue: “Main Queue (<OS_dispatch_queue_main: com.apple.main-thread>)” with 1 work item

JS Timer
⏱ 2378

Run Loop
⏱ “Main Run Loop”
detox[21520] TRACE: [WS_SEND] {"type":"currentStatus","params":{},"messageId":8}
detox[21520] TRACE: [WSS_GET_FROM, #tester] {"type":"currentStatus","params":{},"messageId":8}
detox[21520] TRACE: [WSS_SEND_TO, #app] {"type":"currentStatus","params":{},"messageId":8}
detox[21520] TRACE: [WSS_GET_FROM, #app] {"params":{"status":"The system is busy with the following tasks:\n\nDispatch Queue\n⏱ Queue: “Main Queue (<OS_dispatch_queue_main: com.apple.main-thread>)” with 1 work item\n\nJS Timer\n⏱ 2983\n\nRun Loop\n⏱ “Main Run Loop”","messageId":8},"messageId":8,"type":"currentStatusResult"}
detox[21520] TRACE: [WSS_SEND_TO, #tester] {"params":{"status":"The system is busy with the following tasks:\n\nDispatch Queue\n⏱ Queue: “Main Queue (<OS_dispatch_queue_main: com.apple.main-thread>)” with 1 work item\n\nJS Timer\n⏱ 2983\n\nRun Loop\n⏱ “Main Run Loop”","messageId":8},"messageId":8,"type":"currentStatusResult"}
detox[21520] TRACE: [WS_MESSAGE] {"params":{"status":"The system is busy with the following tasks:\n\nDispatch Queue\n⏱ Queue: “Main Queue (<OS_dispatch_queue_main: com.apple.main-thread>)” with 1 work item\n\nJS Timer\n⏱ 2983\n\nRun Loop\n⏱ “Main Run Loop”","messageId":8},"messageId":8,"type":"currentStatusResult"}
 
detox[21520] INFO:  [APP_STATUS] The system is busy with the following tasks:

Dispatch Queue
⏱ Queue: “Main Queue (<OS_dispatch_queue_main: com.apple.main-thread>)” with 1 work item

JS Timer
⏱ 2983

Run Loop
⏱ “Main Run Loop”
detox[21520] TRACE: [WS_SEND] {"type":"currentStatus","params":{},"messageId":9}
detox[21520] TRACE: [WSS_GET_FROM, #tester] {"type":"currentStatus","params":{},"messageId":9}
detox[21520] TRACE: [WSS_SEND_TO, #app] {"type":"currentStatus","params":{},"messageId":9}
detox[21520] TRACE: [WSS_GET_FROM, #app] {"params":{"messageId":9,"status":"The system is busy with the following tasks:\n\nDispatch Queue\n⏱ Queue: “Main Queue (<OS_dispatch_queue_main: com.apple.main-thread>)” with 1 work item\n\nJS Timer\n⏱ 3586\n\nRun Loop\n⏱ “Main Run Loop”"},"type":"currentStatusResult","messageId":9}
detox[21520] TRACE: [WSS_SEND_TO, #tester] {"params":{"messageId":9,"status":"The system is busy with the following tasks:\n\nDispatch Queue\n⏱ Queue: “Main Queue (<OS_dispatch_queue_main: com.apple.main-thread>)” with 1 work item\n\nJS Timer\n⏱ 3586\n\nRun Loop\n⏱ “Main Run Loop”"},"type":"currentStatusResult","messageId":9}
detox[21520] TRACE: [WS_MESSAGE] {"params":{"messageId":9,"status":"The system is busy with the following tasks:\n\nDispatch Queue\n⏱ Queue: “Main Queue (<OS_dispatch_queue_main: com.apple.main-thread>)” with 1 work item\n\nJS Timer\n⏱ 3586\n\nRun Loop\n⏱ “Main Run Loop”"},"type":"currentStatusResult","messageId":9}
 
detox[21520] INFO:  [APP_STATUS] The system is busy with the following tasks:

Dispatch Queue
⏱ Queue: “Main Queue (<OS_dispatch_queue_main: com.apple.main-thread>)” with 1 work item

JS Timer
⏱ 3586

Run Loop
⏱ “Main Run Loop”
detox[21520] TRACE: [WS_SEND] {"type":"currentStatus","params":{},"messageId":10}
detox[21520] TRACE: [WSS_GET_FROM, #tester] {"type":"currentStatus","params":{},"messageId":10}
detox[21520] TRACE: [WSS_SEND_TO, #app] {"type":"currentStatus","params":{},"messageId":10}
detox[21520] TRACE: [WSS_GET_FROM, #app] {"messageId":10,"type":"currentStatusResult","params":{"status":"The system is busy with the following tasks:\n\nDispatch Queue\n⏱ Queue: “Main Queue (<OS_dispatch_queue_main: com.apple.main-thread>)” with 1 work item\n\nJS Timer\n⏱ 4187\n\nRun Loop\n⏱ “Main Run Loop”","messageId":10}}
detox[21520] TRACE: [WSS_SEND_TO, #tester] {"messageId":10,"type":"currentStatusResult","params":{"status":"The system is busy with the following tasks:\n\nDispatch Queue\n⏱ Queue: “Main Queue (<OS_dispatch_queue_main: com.apple.main-thread>)” with 1 work item\n\nJS Timer\n⏱ 4187\n\nRun Loop\n⏱ “Main Run Loop”","messageId":10}}
detox[21520] TRACE: [WS_MESSAGE] {"messageId":10,"type":"currentStatusResult","params":{"status":"The system is busy with the following tasks:\n\nDispatch Queue\n⏱ Queue: “Main Queue (<OS_dispatch_queue_main: com.apple.main-thread>)” with 1 work item\n\nJS Timer\n⏱ 4187\n\nRun Loop\n⏱ “Main Run Loop”","messageId":10}}
 
detox[21520] INFO:  [APP_STATUS] The system is busy with the following tasks:

Dispatch Queue
⏱ Queue: “Main Queue (<OS_dispatch_queue_main: com.apple.main-thread>)” with 1 work item

JS Timer
⏱ 4187

Run Loop
⏱ “Main Run Loop”
detox[21520] TRACE: [WS_SEND] {"type":"currentStatus","params":{},"messageId":11}
detox[21520] TRACE: [WSS_GET_FROM, #tester] {"type":"currentStatus","params":{},"messageId":11}
detox[21520] TRACE: [WSS_SEND_TO, #app] {"type":"currentStatus","params":{},"messageId":11}
detox[21520] TRACE: [WSS_GET_FROM, #app] {"params":{"status":"The system is busy with the following tasks:\n\nDispatch Queue\n⏱ Queue: “Main Queue (<OS_dispatch_queue_main: com.apple.main-thread>)” with 1 work item\n\nRun Loop\n⏱ “Main Run Loop”\n⏱ “JS Run Loop”\n\nOne-time Events\n⏱ “Runloop Perform Block” with object: “JS Run Loop”","messageId":11},"type":"currentStatusResult","messageId":11}
detox[21520] TRACE: [WSS_SEND_TO, #tester] {"params":{"status":"The system is busy with the following tasks:\n\nDispatch Queue\n⏱ Queue: “Main Queue (<OS_dispatch_queue_main: com.apple.main-thread>)” with 1 work item\n\nRun Loop\n⏱ “Main Run Loop”\n⏱ “JS Run Loop”\n\nOne-time Events\n⏱ “Runloop Perform Block” with object: “JS Run Loop”","messageId":11},"type":"currentStatusResult","messageId":11}
detox[21520] TRACE: [WS_MESSAGE] {"params":{"status":"The system is busy with the following tasks:\n\nDispatch Queue\n⏱ Queue: “Main Queue (<OS_dispatch_queue_main: com.apple.main-thread>)” with 1 work item\n\nRun Loop\n⏱ “Main Run Loop”\n⏱ “JS Run Loop”\n\nOne-time Events\n⏱ “Runloop Perform Block” with object: “JS Run Loop”","messageId":11},"type":"currentStatusResult","messageId":11}
 
detox[21520] INFO:  [APP_STATUS] The system is busy with the following tasks:

Dispatch Queue
⏱ Queue: “Main Queue (<OS_dispatch_queue_main: com.apple.main-thread>)” with 1 work item

Run Loop
⏱ “Main Run Loop”
⏱ “JS Run Loop”

One-time Events
⏱ “Runloop Perform Block” with object: “JS Run Loop”
detox[21520] TRACE: [WS_SEND] {"type":"currentStatus","params":{},"messageId":12}
detox[21520] TRACE: [WSS_GET_FROM, #tester] {"type":"currentStatus","params":{},"messageId":12}
detox[21520] TRACE: [WSS_SEND_TO, #app] {"type":"currentStatus","params":{},"messageId":12}
detox[21520] TRACE: [WSS_GET_FROM, #app] {"params":{"status":"The system is busy with the following tasks:\n\nDispatch Queue\n⏱ Queue: “Main Queue (<OS_dispatch_queue_main: com.apple.main-thread>)” with 1 work item\n\nJS Timer\n⏱ 5394\n\nRun Loop\n⏱ “Main Run Loop”","messageId":12},"messageId":12,"type":"currentStatusResult"}
detox[21520] TRACE: [WSS_SEND_TO, #tester] {"params":{"status":"The system is busy with the following tasks:\n\nDispatch Queue\n⏱ Queue: “Main Queue (<OS_dispatch_queue_main: com.apple.main-thread>)” with 1 work item\n\nJS Timer\n⏱ 5394\n\nRun Loop\n⏱ “Main Run Loop”","messageId":12},"messageId":12,"type":"currentStatusResult"}
detox[21520] TRACE: [WS_MESSAGE] {"params":{"status":"The system is busy with the following tasks:\n\nDispatch Queue\n⏱ Queue: “Main Queue (<OS_dispatch_queue_main: com.apple.main-thread>)” with 1 work item\n\nJS Timer\n⏱ 5394\n\nRun Loop\n⏱ “Main Run Loop”","messageId":12},"messageId":12,"type":"currentStatusResult"}
 
detox[21520] INFO:  [APP_STATUS] The system is busy with the following tasks:

Dispatch Queue
⏱ Queue: “Main Queue (<OS_dispatch_queue_main: com.apple.main-thread>)” with 1 work item

JS Timer
⏱ 5394

Run Loop
⏱ “Main Run Loop”
detox[21520] TRACE: [WS_SEND] {"type":"currentStatus","params":{},"messageId":13}
detox[21520] TRACE: [WSS_GET_FROM, #tester] {"type":"currentStatus","params":{},"messageId":13}
detox[21520] TRACE: [WSS_SEND_TO, #app] {"type":"currentStatus","params":{},"messageId":13}
detox[21520] TRACE: [WSS_GET_FROM, #app] {"params":{"status":"The system is busy with the following tasks:\n\nDispatch Queue\n⏱ Queue: “Main Queue (<OS_dispatch_queue_main: com.apple.main-thread>)” with 1 work item\n\nJS Timer\n⏱ 5997\n\nRun Loop\n⏱ “Main Run Loop”","messageId":13},"messageId":13,"type":"currentStatusResult"}
detox[21520] TRACE: [WSS_SEND_TO, #tester] {"params":{"status":"The system is busy with the following tasks:\n\nDispatch Queue\n⏱ Queue: “Main Queue (<OS_dispatch_queue_main: com.apple.main-thread>)” with 1 work item\n\nJS Timer\n⏱ 5997\n\nRun Loop\n⏱ “Main Run Loop”","messageId":13},"messageId":13,"type":"currentStatusResult"}
detox[21520] TRACE: [WS_MESSAGE] {"params":{"status":"The system is busy with the following tasks:\n\nDispatch Queue\n⏱ Queue: “Main Queue (<OS_dispatch_queue_main: com.apple.main-thread>)” with 1 work item\n\nJS Timer\n⏱ 5997\n\nRun Loop\n⏱ “Main Run Loop”","messageId":13},"messageId":13,"type":"currentStatusResult"}
 
detox[21520] INFO:  [APP_STATUS] The system is busy with the following tasks:

Dispatch Queue
⏱ Queue: “Main Queue (<OS_dispatch_queue_main: com.apple.main-thread>)” with 1 work item

JS Timer
⏱ 5997

Run Loop
⏱ “Main Run Loop”
detox[21520] TRACE: [WS_SEND] {"type":"currentStatus","params":{},"messageId":14}
detox[21520] TRACE: [WSS_GET_FROM, #tester] {"type":"currentStatus","params":{},"messageId":14}
detox[21520] TRACE: [WSS_SEND_TO, #app] {"type":"currentStatus","params":{},"messageId":14}
detox[21520] TRACE: [WSS_GET_FROM, #app] {"params":{"status":"The system is busy with the following tasks:\n\nDispatch Queue\n⏱ Queue: “Main Queue (<OS_dispatch_queue_main: com.apple.main-thread>)” with 1 work item\n\nJS Timer\n⏱ 6598\n\nRun Loop\n⏱ “Main Run Loop”\n\nTimer\n⏱ Fire date: 2022-03-23 12:14:26 -0600 (fire interval: 0.09631121158599854) repeats: NO repeat interval: 0>","messageId":14},"type":"currentStatusResult","messageId":14}
detox[21520] TRACE: [WSS_SEND_TO, #tester] {"params":{"status":"The system is busy with the following tasks:\n\nDispatch Queue\n⏱ Queue: “Main Queue (<OS_dispatch_queue_main: com.apple.main-thread>)” with 1 work item\n\nJS Timer\n⏱ 6598\n\nRun Loop\n⏱ “Main Run Loop”\n\nTimer\n⏱ Fire date: 2022-03-23 12:14:26 -0600 (fire interval: 0.09631121158599854) repeats: NO repeat interval: 0>","messageId":14},"type":"currentStatusResult","messageId":14}
detox[21520] TRACE: [WS_MESSAGE] {"params":{"status":"The system is busy with the following tasks:\n\nDispatch Queue\n⏱ Queue: “Main Queue (<OS_dispatch_queue_main: com.apple.main-thread>)” with 1 work item\n\nJS Timer\n⏱ 6598\n\nRun Loop\n⏱ “Main Run Loop”\n\nTimer\n⏱ Fire date: 2022-03-23 12:14:26 -0600 (fire interval: 0.09631121158599854) repeats: NO repeat interval: 0>","messageId":14},"type":"currentStatusResult","messageId":14}
 
detox[21520] INFO:  [APP_STATUS] The system is busy with the following tasks:

Dispatch Queue
⏱ Queue: “Main Queue (<OS_dispatch_queue_main: com.apple.main-thread>)” with 1 work item

JS Timer
⏱ 6598

Run Loop
⏱ “Main Run Loop”

Timer
⏱ Fire date: 2022-03-23 12:14:26 -0600 (fire interval: 0.09631121158599854) repeats: NO repeat interval: 0>
detox[21520] DEBUG: [EXEC_CMD, #12] /usr/bin/xcrun simctl io 9275A049-9576-422C-AA06-A3E4387366D6 screenshot "/private/var/folders/zl/fln87csd5wz52_hmsflynx180000gn/T/9943a424-756d-4ae3-833d-930e3f31ec25.detox.png"
detox[21520] TRACE: [WS_SEND] {"type":"currentStatus","params":{},"messageId":15}
detox[21520] TRACE: [WSS_GET_FROM, #tester] {"type":"currentStatus","params":{},"messageId":15}
detox[21520] TRACE: [WSS_SEND_TO, #app] {"type":"currentStatus","params":{},"messageId":15}
detox[21520] TRACE: [WSS_GET_FROM, #app] {"params":{"messageId":15,"status":"The system is busy with the following tasks:\n\nDispatch Queue\n⏱ Queue: “Main Queue (<OS_dispatch_queue_main: com.apple.main-thread>)” with 1 work item\n\nRun Loop\n⏱ “Main Run Loop”\n⏱ “JS Run Loop”\n\nOne-time Events\n⏱ “Runloop Perform Block” with object: “JS Run Loop”"},"type":"currentStatusResult","messageId":15}
detox[21520] TRACE: [WSS_SEND_TO, #tester] {"params":{"messageId":15,"status":"The system is busy with the following tasks:\n\nDispatch Queue\n⏱ Queue: “Main Queue (<OS_dispatch_queue_main: com.apple.main-thread>)” with 1 work item\n\nRun Loop\n⏱ “Main Run Loop”\n⏱ “JS Run Loop”\n\nOne-time Events\n⏱ “Runloop Perform Block” with object: “JS Run Loop”"},"type":"currentStatusResult","messageId":15}
detox[21520] TRACE: [WS_MESSAGE] {"params":{"messageId":15,"status":"The system is busy with the following tasks:\n\nDispatch Queue\n⏱ Queue: “Main Queue (<OS_dispatch_queue_main: com.apple.main-thread>)” with 1 work item\n\nRun Loop\n⏱ “Main Run Loop”\n⏱ “JS Run Loop”\n\nOne-time Events\n⏱ “Runloop Perform Block” with object: “JS Run Loop”"},"type":"currentStatusResult","messageId":15}
 
detox[21520] INFO:  [APP_STATUS] The system is busy with the following tasks:

Dispatch Queue
⏱ Queue: “Main Queue (<OS_dispatch_queue_main: com.apple.main-thread>)” with 1 work item

Run Loop
⏱ “Main Run Loop”
⏱ “JS Run Loop”

One-time Events
⏱ “Runloop Perform Block” with object: “JS Run Loop”
detox[21520] TRACE: [WS_SEND] {"type":"currentStatus","params":{},"messageId":16}
detox[21520] TRACE: [WSS_GET_FROM, #tester] {"type":"currentStatus","params":{},"messageId":16}
detox[21520] TRACE: [WSS_SEND_TO, #app] {"type":"currentStatus","params":{},"messageId":16}
detox[21520] TRACE: [WSS_GET_FROM, #app] {"params":{"status":"The system is busy with the following tasks:\n\nDispatch Queue\n⏱ Queue: “Main Queue (<OS_dispatch_queue_main: com.apple.main-thread>)” with 1 work item\n\nJS Timer\n⏱ 7765\n\nRun Loop\n⏱ “Main Run Loop”","messageId":16},"type":"currentStatusResult","messageId":16}
detox[21520] TRACE: [WSS_SEND_TO, #tester] {"params":{"status":"The system is busy with the following tasks:\n\nDispatch Queue\n⏱ Queue: “Main Queue (<OS_dispatch_queue_main: com.apple.main-thread>)” with 1 work item\n\nJS Timer\n⏱ 7765\n\nRun Loop\n⏱ “Main Run Loop”","messageId":16},"type":"currentStatusResult","messageId":16}
detox[21520] TRACE: [WS_MESSAGE] {"params":{"status":"The system is busy with the following tasks:\n\nDispatch Queue\n⏱ Queue: “Main Queue (<OS_dispatch_queue_main: com.apple.main-thread>)” with 1 work item\n\nJS Timer\n⏱ 7765\n\nRun Loop\n⏱ “Main Run Loop”","messageId":16},"type":"currentStatusResult","messageId":16}
 
detox[21520] INFO:  [APP_STATUS] The system is busy with the following tasks:

Dispatch Queue
⏱ Queue: “Main Queue (<OS_dispatch_queue_main: com.apple.main-thread>)” with 1 work item

JS Timer
⏱ 7765

Run Loop
⏱ “Main Run Loop”
detox[21520] TRACE: [EXEC_SUCCESS, #12] Detected file type 'PNG' from extension
Wrote screenshot to: /private/var/folders/zl/fln87csd5wz52_hmsflynx180000gn/T/9943a424-756d-4ae3-833d-930e3f31ec25.detox.png

detox[21520] TRACE: [ARTIFACT_START] starting FileArtifact
detox[21520] TRACE: [ARTIFACT_STOP] stopping FileArtifact
ios_I-toggle-the-animation's-switch_23-03-222022_12-14-36_pm[21520] TRACE: [ARTIFACTS_LIFECYCLE] artifactsManager.onCreateExternalArtifact({
  artifact: FileArtifact {
    temporaryPath: '/private/var/folders/zl/fln87csd5wz52_hmsflynx180000gn/T/9943a424-756d-4ae3-833d-930e3f31ec25.detox.png'
  },
  name: "ios_I-toggle-the-animation's-switch_23-03-222022_12-14-36_pm"
})
detox[21520] TRACE: [DETOX_AFTER_EACH] failed test: "I navigate to the Animation screen and toggle the switch"
detox[21520] TRACE: [ARTIFACTS_LIFECYCLE] artifactsManager.onTestDone({
  fullName: 'I navigate to the Animation screen and toggle the switch',
  status: 'failed'
})
detox[21520] TRACE: [ARTIFACT_STOP] stopping SimulatorVideoRecording
detox[21520] TRACE: [SPAWN_KILL, #21599] sending SIGINT to: /usr/bin/xcrun simctl io 9275A049-9576-422C-AA06-A3E4387366D6 recordVideo /private/var/folders/zl/fln87csd5wz52_hmsflynx180000gn/T/e7d914e3-3929-49ed-b65a-ff693d54ab41.detox.mp4
detox[21520] TRACE: [ARTIFACT_SAVE] saving FileArtifact to: e2e/reports/artifacts/ios/ios.sim.debug.2022-03-23 18-12-22Z/✗ I navigate to the Animation screen and toggle the switch/ios_I-toggle-the-animation's-switch_23-03-222022_12-14-36_pm.png
detox[21520] DEBUG: [MOVE_FILE] moving "/private/var/folders/zl/fln87csd5wz52_hmsflynx180000gn/T/9943a424-756d-4ae3-833d-930e3f31ec25.detox.png" to e2e/reports/artifacts/ios/ios.sim.debug.2022-03-23 18-12-22Z/✗ I navigate to the Animation screen and toggle the switch/ios_I-toggle-the-animation's-switch_23-03-222022_12-14-36_pm.png
detox[21520] ERROR: [SPAWN_STDERR, #21599] Wrote video to: /private/var/folders/zl/fln87csd5wz52_hmsflynx180000gn/T/e7d914e3-3929-49ed-b65a-ff693d54ab41.detox.mp4

detox[21520] DEBUG: [SPAWN_END, #21599] /usr/bin/xcrun simctl io 9275A049-9576-422C-AA06-A3E4387366D6 recordVideo /private/var/folders/zl/fln87csd5wz52_hmsflynx180000gn/T/e7d914e3-3929-49ed-b65a-ff693d54ab41.detox.mp4 finished with code = 0
detox[21520] TRACE: [ARTIFACT_STOP] stopping SimulatorLogRecording
detox[21520] TRACE: [ARTIFACT_SAVE] saving SimulatorVideoRecording to: e2e/reports/artifacts/ios/ios.sim.debug.2022-03-23 18-12-22Z/✗ I navigate to the Animation screen and toggle the switch/test.mp4
detox[21520] DEBUG: [MOVE_FILE] moving "/private/var/folders/zl/fln87csd5wz52_hmsflynx180000gn/T/e7d914e3-3929-49ed-b65a-ff693d54ab41.detox.mp4" to e2e/reports/artifacts/ios/ios.sim.debug.2022-03-23 18-12-22Z/✗ I navigate to the Animation screen and toggle the switch/test.mp4
detox[21520] TRACE: [SPAWN_KILL, #21596] sending SIGINT to: /usr/bin/xcrun simctl spawn 9275A049-9576-422C-AA06-A3E4387366D6 log stream --level debug --style compact --predicate processImagePath beginsWith "/Users/kcisneros/Library/Developer/CoreSimulator/Devices/9275A049-9576-422C-AA06-A3E4387366D6/data/Containers/Bundle/Application/96A58ABF-86F8-4978-B345-72C41E3DA733/pqaa_detox.app"
detox[21520] DEBUG: [SPAWN_END, #21596] /usr/bin/xcrun simctl spawn 9275A049-9576-422C-AA06-A3E4387366D6 log stream --level debug --style compact --predicate "processImagePath beginsWith \"/Users/kcisneros/Library/Developer/CoreSimulator/Devices/9275A049-9576-422C-AA06-A3E4387366D6/data/Containers/Bundle/Application/96A58ABF-86F8-4978-B345-72C41E3DA733/pqaa_detox.app\"" finished with code = 0
detox[21520] TRACE: [ARTIFACTS_LIFECYCLE] artifactsManager.onBeforeCleanup()
detox[21520] TRACE: [ARTIFACT_SAVE] saving SimulatorLogRecording to: e2e/reports/artifacts/ios/ios.sim.debug.2022-03-23 18-12-22Z/✗ I navigate to the Animation screen and toggle the switch/device.log
detox[21520] DEBUG: [MOVE_FILE] moving "/private/var/folders/zl/fln87csd5wz52_hmsflynx180000gn/T/3e7d1e4d-fbe3-4de4-87eb-10f7af29102a.detox.log" to e2e/reports/artifacts/ios/ios.sim.debug.2022-03-23 18-12-22Z/✗ I navigate to the Animation screen and toggle the switch/device.log
detox[21520] TRACE: [ARTIFACT_SAVE] saving SimulatorLogRecording to: e2e/reports/artifacts/ios/ios.sim.debug.2022-03-23 18-12-22Z/9275A049-9576-422C-AA06-A3E4387366D6 2022-03-23 18-14-52Z.startup.log
detox[21520] DEBUG: [MOVE_FILE] moving "/private/var/folders/zl/fln87csd5wz52_hmsflynx180000gn/T/65665ebe-c146-4a83-a92b-2477b20cfc59.detox.log" to e2e/reports/artifacts/ios/ios.sim.debug.2022-03-23 18-12-22Z/9275A049-9576-422C-AA06-A3E4387366D6 2022-03-23 18-14-52Z.startup.log
detox[21520] TRACE: [ARTIFACT_START] starting FileArtifact
detox[21520] TRACE: [ARTIFACT_STOP] stopping FileArtifact
detox[21520] TRACE: [ARTIFACT_SAVE] saving FileArtifact to: e2e/reports/artifacts/ios/ios.sim.debug.2022-03-23 18-12-22Z/detox_pid_21520.json.log { append: true }
detox[21520] TRACE: [ARTIFACT_START] starting FileArtifact
detox[21520] TRACE: [ARTIFACT_STOP] stopping FileArtifact
detox[21520] TRACE: [ARTIFACT_SAVE] saving FileArtifact to: e2e/reports/artifacts/ios/ios.sim.debug.2022-03-23 18-12-22Z/detox_pid_21520.log { append: true }
detox[21520] DEBUG: [MOVE_FILE] moving "/private/var/folders/zl/fln87csd5wz52_hmsflynx180000gn/T/b97a37e5-67ee-410e-81c1-bea7f678bf47.detox.log" to e2e/reports/artifacts/ios/ios.sim.debug.2022-03-23 18-12-22Z/detox_pid_21520.json.log
detox[21520] DEBUG: [MOVE_FILE] moving "/private/var/folders/zl/fln87csd5wz52_hmsflynx180000gn/T/815c75c5-d41b-4b9c-bda8-4c813c64eaef.detox.log" to e2e/reports/artifacts/ios/ios.sim.debug.2022-03-23 18-12-22Z/detox_pid_21520.log
detox[21520] WARN:  [PENDING_REQUESTS] The app has not responded to the network requests below:
  (id = 3) invoke: {"type":"action","action":"tap","predicate":{"type":"id","value":"animationSwitch"}}

Unresponded network requests might result in timeout errors in Detox tests.

detox[21520] TRACE: [WS_SEND] {"type":"cleanup","params":{"stopRunner":true},"messageId":-49642}
detox[21520] TRACE: [WSS_GET_FROM, #tester] {"type":"cleanup","params":{"stopRunner":true},"messageId":-49642}
detox[21520] TRACE: [WSS_SEND_TO, #app] {"type":"cleanup","params":{"stopRunner":true},"messageId":-49642}
detox[21520] TRACE: [WSS_GET_FROM, #app] {"params":{},"messageId":-49642,"type":"cleanupDone"}
detox[21520] TRACE: [WSS_SEND_TO, #tester] {"params":{},"messageId":-49642,"type":"cleanupDone"}
detox[21520] TRACE: [WS_MESSAGE] {"params":{},"messageId":-49642,"type":"cleanupDone"}
 
detox[21520] DEBUG: [WSS_CLOSE] Detox server has been closed gracefully
detox[21520] TRACE: [SESSION_TORN] app exited session 9909dcfb-0aa4-7dc8-7346-4e535fb508e9
detox[21520] TRACE: [WSS_SEND_TO, #tester] {"type":"appDisconnected"}
detox[21520] TRACE: [SESSION_TORN] tester exited session 9909dcfb-0aa4-7dc8-7346-4e535fb508e9
